

Processing ApplicantsController#new (for 127.0.0.1 at 2010-07-22 09:30:16) [GET]
  Parameters: {"program_id"=>"csa", "action"=>"new", "controller"=>"applicants"}

ActiveRecord::RecordNotFound (ActiveRecord::RecordNotFound):
  /usr/local/lib/ruby/gems/1.8/gems/friendly_id-2.3.4/lib/friendly_id/active_record2/slugged_model.rb:12:in `handle_friendly_result'
  /usr/local/lib/ruby/gems/1.8/gems/friendly_id-2.3.4/lib/friendly_id/active_record2/slugged_model.rb:90:in `find'
  /usr/local/lib/ruby/gems/1.8/gems/friendly_id-2.3.4/lib/friendly_id/active_record2/finders.rb:32:in `send'
  /usr/local/lib/ruby/gems/1.8/gems/friendly_id-2.3.4/lib/friendly_id/active_record2/finders.rb:32:in `method_missing'
  /usr/local/lib/ruby/gems/1.8/gems/friendly_id-2.3.4/lib/friendly_id/active_record2/slugged_model.rb:149:in `find_one'
  app/controllers/applicants_controller.rb:15:in `new'
  warden (0.10.7) lib/warden/manager.rb:35:in `call'
  warden (0.10.7) lib/warden/manager.rb:34:in `catch'
  warden (0.10.7) lib/warden/manager.rb:34:in `call'

Rendering rescues/layout (not_found)


Processing ProgramsController#index (for 127.0.0.1 at 2010-07-22 09:30:19) [GET]
  Parameters: {"action"=>"index", "controller"=>"programs"}
Rendering template within layouts/application
Rendering programs/index
Completed in 21ms (View: 12, DB: 4) | 200 OK [http://localhost/]


Processing SessionsController#new (for 127.0.0.1 at 2010-07-22 09:30:27) [GET]
  Parameters: {"action"=>"new", "controller"=>"sessions"}
Rendering template within layouts/application
Rendering sessions/new
Completed in 76ms (View: 66, DB: 1) | 200 OK [http://localhost/users/login]


Processing SessionsController#create (for 127.0.0.1 at 2010-07-22 09:30:39) [POST]
  Parameters: {"commit"=>"Sign in", "action"=>"create", "authenticity_token"=>"gaNZNeD29isx+/M4ipmLCG11ajjzSmcW/VD3ngheHtU=", "controller"=>"sessions", "user"=>{"remember_me"=>"0", "password"=>"[FILTERED]", "email"=>"admin@root.com"}}
Redirected to http://localhost:3000/
Completed in 67ms (DB: 4) | 302 Found [http://localhost/users/login]


Processing ProgramsController#index (for 127.0.0.1 at 2010-07-22 09:30:39) [GET]
  Parameters: {"action"=>"index", "controller"=>"programs"}
Rendering template within layouts/application
Rendering programs/index
Completed in 8ms (View: 6, DB: 1) | 200 OK [http://localhost/]


Processing ProgramsController#new (for 127.0.0.1 at 2010-07-22 09:30:41) [POST]
  Parameters: {"action"=>"new", "authenticity_token"=>"gaNZNeD29isx+/M4ipmLCG11ajjzSmcW/VD3ngheHtU=", "controller"=>"programs"}
Rendering template within layouts/application
Rendering programs/new
Completed in 42ms (View: 36, DB: 2) | 200 OK [http://localhost/programs/new]


Processing ProgramsController#create (for 127.0.0.1 at 2010-07-22 09:31:02) [POST]
  Parameters: {"commit"=>"Save changes", "action"=>"create", "authenticity_token"=>"gaNZNeD29isx+/M4ipmLCG11ajjzSmcW/VD3ngheHtU=", "controller"=>"programs", "program"=>{"title"=>"test", "published"=>"1", "contact"=>"<p>\r\n\tasdfasdf</p>\r\n", "guidlines"=>"<p>\r\n\tasdfasdf</p>\r\n", "start(1i)"=>"2010", "logo"=>#<File:/var/folders/V-/V-wPVhW9HQm6vpGmYyi0eE+++TI/-Tmp-/RackMultipart20100722-61963-1kkjgqi-0>, "start(2i)"=>"7", "start(3i)"=>"22", "description"=>"<p>\r\n\tasdfasdf</p>\r\n", "end(1i)"=>"2010", "end(2i)"=>"7", "thankyou"=>"<p>\r\n\tasdfasdf</p>\r\n", "end(3i)"=>"28"}}
[paperclip] identify '-format' '%wx%h' '/var/folders/V-/V-wPVhW9HQm6vpGmYyi0eE+++TI/-Tmp-/stream,61963,0.jpg[0]' 2>/dev/null
[paperclip] convert '/var/folders/V-/V-wPVhW9HQm6vpGmYyi0eE+++TI/-Tmp-/stream,61963,0.jpg[0]' '-resize' '50x50>' '/var/folders/V-/V-wPVhW9HQm6vpGmYyi0eE+++TI/-Tmp-/stream,61963,0,61963,0' 2>/dev/null
[paperclip] identify '-format' '%wx%h' '/var/folders/V-/V-wPVhW9HQm6vpGmYyi0eE+++TI/-Tmp-/stream,61963,0.jpg[0]' 2>/dev/null
[paperclip] convert '/var/folders/V-/V-wPVhW9HQm6vpGmYyi0eE+++TI/-Tmp-/stream,61963,0.jpg[0]' '-resize' '257x257>' '/var/folders/V-/V-wPVhW9HQm6vpGmYyi0eE+++TI/-Tmp-/stream,61963,0,61963,1' 2>/dev/null
[paperclip] identify '-format' '%wx%h' '/var/folders/V-/V-wPVhW9HQm6vpGmYyi0eE+++TI/-Tmp-/stream,61963,0.jpg[0]' 2>/dev/null
[paperclip] convert '/var/folders/V-/V-wPVhW9HQm6vpGmYyi0eE+++TI/-Tmp-/stream,61963,0.jpg[0]' '-resize' '20x20>' '/var/folders/V-/V-wPVhW9HQm6vpGmYyi0eE+++TI/-Tmp-/stream,61963,0,61963,2' 2>/dev/null
[paperclip] Saving attachments.
[paperclip] saving /Users/khaeck/Sites/Rails/mnprograms/public/assets/programs/1/mnartists_logo_small.jpg
[paperclip] saving /Users/khaeck/Sites/Rails/mnprograms/public/assets/programs/1/mnartists_logo_original.jpg
[paperclip] saving /Users/khaeck/Sites/Rails/mnprograms/public/assets/programs/1/mnartists_logo_medium.jpg
[paperclip] saving /Users/khaeck/Sites/Rails/mnprograms/public/assets/programs/1/mnartists_logo_icon.jpg
Redirected to http://localhost:3000/programs/test
Completed in 995ms (DB: 5) | 302 Found [http://localhost/programs]


Processing ProgramsController#show (for 127.0.0.1 at 2010-07-22 09:31:03) [GET]
  Parameters: {"action"=>"show", "id"=>"test", "controller"=>"programs"}
Rendering template within layouts/application
Rendering programs/show
Completed in 37ms (View: 32, DB: 2) | 200 OK [http://localhost/programs/test]


Processing SessionsController#destroy (for 127.0.0.1 at 2010-07-22 09:31:30) [GET]
  Parameters: {"action"=>"destroy", "controller"=>"sessions"}
Redirected to http://localhost:3000/
Completed in 35ms (DB: 30) | 302 Found [http://localhost/users/logout]


Processing ProgramsController#index (for 127.0.0.1 at 2010-07-22 09:31:30) [GET]
  Parameters: {"action"=>"index", "controller"=>"programs"}
Rendering template within layouts/application
Rendering programs/index
Completed in 13ms (View: 10, DB: 1) | 200 OK [http://localhost/]


Processing ProgramsController#show (for 127.0.0.1 at 2010-07-22 09:31:32) [GET]
  Parameters: {"action"=>"show", "id"=>"test", "controller"=>"programs"}
Rendering template within layouts/application
Rendering programs/show
Completed in 15ms (View: 10, DB: 1) | 200 OK [http://localhost/programs/test]


Processing ProgramsController#show (for 127.0.0.1 at 2010-07-22 09:31:37) [GET]
  Parameters: {"action"=>"show", "id"=>"test", "controller"=>"programs"}
Rendering template within layouts/application
Rendering programs/show
Completed in 16ms (View: 10, DB: 1) | 200 OK [http://localhost/programs/test]


Processing ProgramsController#guidelines (for 127.0.0.1 at 2010-07-22 09:31:39) [GET]
  Parameters: {"action"=>"guidelines", "id"=>"test", "controller"=>"programs"}
Rendering template within layouts/application
Rendering programs/guidelines
Completed in 16ms (View: 11, DB: 1) | 200 OK [http://localhost/programs/test/guidelines]


Processing ProgramsController#show (for 127.0.0.1 at 2010-07-22 09:31:40) [GET]
  Parameters: {"action"=>"show", "id"=>"test", "controller"=>"programs"}
Rendering template within layouts/application
Rendering programs/show
Completed in 16ms (View: 10, DB: 1) | 200 OK [http://localhost/programs/test]


Processing ApplicantsController#new (for 127.0.0.1 at 2010-07-22 09:31:43) [GET]
  Parameters: {"program_id"=>"test", "action"=>"new", "controller"=>"applicants"}
Rendering template within layouts/application
Rendering applicants/new
Completed in 38ms (View: 28, DB: 2) | 200 OK [http://localhost/programs/test/applicants/new]


Processing ProgramsController#show (for 127.0.0.1 at 2010-07-22 09:31:44) [GET]
  Parameters: {"action"=>"show", "id"=>"test", "controller"=>"programs"}
Rendering template within layouts/application
Rendering programs/show
Completed in 15ms (View: 10, DB: 1) | 200 OK [http://localhost/programs/test]


Processing ProgramsController#guidelines (for 127.0.0.1 at 2010-07-22 09:31:45) [GET]
  Parameters: {"action"=>"guidelines", "id"=>"test", "controller"=>"programs"}
Rendering template within layouts/application
Rendering programs/guidelines
Completed in 15ms (View: 10, DB: 1) | 200 OK [http://localhost/programs/test/guidelines]


Processing ApplicantsController#new (for 127.0.0.1 at 2010-07-22 09:44:28) [GET]
  Parameters: {"program_id"=>"test", "action"=>"new", "controller"=>"applicants"}
Rendering template within layouts/application
Rendering applicants/new
Completed in 33ms (View: 27, DB: 1) | 200 OK [http://localhost/programs/test/applicants/new]


Processing ApplicantsController#create (for 127.0.0.1 at 2010-07-22 09:51:28) [POST]
  Parameters: {"program_id"=>"test", "commit"=>"Continue", "action"=>"create", "authenticity_token"=>"gaNZNeD29isx+/M4ipmLCG11ajjzSmcW/VD3ngheHtU=", "applicant"=>{"city"=>"asdfas", "address"=>"asdfasdf", "zip"=>"34535", "lastname"=>"asdfadf", "website"=>"", "phone"=>"2345234", "firstname"=>"asdfasdf", "email"=>"23452345@dfdfd.com"}, "controller"=>"applicants"}
Redirected to http://localhost:3000/applicants/1/submissions/new
Completed in 20ms (DB: 2) | 302 Found [http://localhost/programs/test/applicants]


Processing SubmissionsController#new (for 127.0.0.1 at 2010-07-22 09:51:28) [GET]
  Parameters: {"applicant_id"=>"1", "action"=>"new", "controller"=>"submissions"}
Rendering template within layouts/application
Rendering submissions/new
Completed in 87ms (View: 61, DB: 6) | 200 OK [http://localhost/applicants/1/submissions/new]


Processing ProgramsController#guidelines (for 127.0.0.1 at 2010-07-22 09:51:42) [GET]
  Parameters: {"action"=>"guidelines", "id"=>"test", "controller"=>"programs"}
Rendering template within layouts/application
Rendering programs/guidelines
Completed in 16ms (View: 11, DB: 1) | 200 OK [http://localhost/programs/test/guidelines]


Processing ProgramsController#show (for 127.0.0.1 at 2010-07-22 09:51:43) [GET]
  Parameters: {"action"=>"show", "id"=>"test", "controller"=>"programs"}
Rendering template within layouts/application
Rendering programs/show
Completed in 15ms (View: 11, DB: 1) | 200 OK [http://localhost/programs/test]


Processing ApplicantsController#new (for 127.0.0.1 at 2010-07-22 09:51:44) [GET]
  Parameters: {"program_id"=>"test", "action"=>"new", "controller"=>"applicants"}
Rendering template within layouts/application
Rendering applicants/new
Completed in 29ms (View: 24, DB: 1) | 200 OK [http://localhost/programs/test/applicants/new]


Processing ProgramsController#show (for 127.0.0.1 at 2010-07-22 09:51:55) [GET]
  Parameters: {"action"=>"show", "id"=>"test", "controller"=>"programs"}
Rendering template within layouts/application
Rendering programs/show
Completed in 19ms (View: 12, DB: 1) | 200 OK [http://localhost/programs/test]


Processing ProgramsController#guidelines (for 127.0.0.1 at 2010-07-22 09:51:55) [GET]
  Parameters: {"action"=>"guidelines", "id"=>"test", "controller"=>"programs"}
Rendering template within layouts/application
Rendering programs/guidelines
Completed in 16ms (View: 11, DB: 1) | 200 OK [http://localhost/programs/test/guidelines]


Processing ApplicantsController#new (for 127.0.0.1 at 2010-07-22 09:51:56) [GET]
  Parameters: {"program_id"=>"test", "action"=>"new", "controller"=>"applicants"}
Rendering template within layouts/application
Rendering applicants/new
Completed in 30ms (View: 25, DB: 1) | 200 OK [http://localhost/programs/test/applicants/new]


Processing ProgramsController#index (for 127.0.0.1 at 2010-07-22 10:14:38) [GET]
  Parameters: {"action"=>"index", "controller"=>"programs"}
Rendering template within layouts/application
Rendering programs/index
Completed in 16ms (View: 13, DB: 1) | 200 OK [http://localhost/]


Processing ProgramsController#show (for 127.0.0.1 at 2010-07-22 10:14:42) [GET]
  Parameters: {"action"=>"show", "id"=>"test", "controller"=>"programs"}
Rendering template within layouts/application
Rendering programs/show
Completed in 16ms (View: 12, DB: 1) | 200 OK [http://localhost/programs/test]


Processing ApplicantsController#new (for 127.0.0.1 at 2010-07-22 10:14:44) [GET]
  Parameters: {"program_id"=>"test", "action"=>"new", "controller"=>"applicants"}
Rendering template within layouts/application
Rendering applicants/new
Completed in 29ms (View: 25, DB: 1) | 200 OK [http://localhost/programs/test/applicants/new]


Processing ApplicantsController#create (for 127.0.0.1 at 2010-07-22 10:14:59) [POST]
  Parameters: {"program_id"=>"test", "commit"=>"Continue", "action"=>"create", "authenticity_token"=>"gaNZNeD29isx+/M4ipmLCG11ajjzSmcW/VD3ngheHtU=", "applicant"=>{"city"=>"sdfgfd", "address"=>"sdfgdsfg", "zip"=>"33333", "lastname"=>"ssdfgdf", "website"=>"", "phone"=>"sdfdsfgdfg", "firstname"=>"asdfasdf", "email"=>"sdfgs@sfdf.com"}, "controller"=>"applicants"}
Redirected to http://localhost:3000/applicants/2/submissions/new
Completed in 77ms (DB: 68) | 302 Found [http://localhost/programs/test/applicants]


Processing SubmissionsController#new (for 127.0.0.1 at 2010-07-22 10:14:59) [GET]
  Parameters: {"applicant_id"=>"2", "action"=>"new", "controller"=>"submissions"}
Rendering template within layouts/application
Rendering submissions/new
Completed in 59ms (View: 52, DB: 2) | 200 OK [http://localhost/applicants/2/submissions/new]


Processing SubmissionsController#create (for 127.0.0.1 at 2010-07-22 10:15:10) [POST]
  Parameters: {"commit"=>"Submit", "applicant_id"=>"2", "submission"=>{"resume"=>#<File:/var/folders/V-/V-wPVhW9HQm6vpGmYyi0eE+++TI/-Tmp-/RackMultipart20100722-61963-1h77wsv-0>, "statement"=>"sdfgsdfg", "works_attributes"=>{"0"=>{"title"=>"", "url"=>"", "type_id"=>"1"}, "1"=>{"title"=>"", "url"=>"", "type_id"=>"1"}, "2"=>{"title"=>"", "url"=>"", "type_id"=>"1"}, "3"=>{"title"=>"", "url"=>"", "type_id"=>"1"}}}, "action"=>"create", "authenticity_token"=>"gaNZNeD29isx+/M4ipmLCG11ajjzSmcW/VD3ngheHtU=", "controller"=>"submissions"}
[paperclip] identify '-format' '%wx%h' '/var/folders/V-/V-wPVhW9HQm6vpGmYyi0eE+++TI/-Tmp-/stream,61963,0.pdf[0]' 2>/dev/null
[paperclip] convert '/var/folders/V-/V-wPVhW9HQm6vpGmYyi0eE+++TI/-Tmp-/stream,61963,0.pdf[0]' '-resize' '150x150>' '/var/folders/V-/V-wPVhW9HQm6vpGmYyi0eE+++TI/-Tmp-/stream,61963,0,61963,0' 2>/dev/null
[paperclip] Saving attachments.
[paperclip] saving /Users/khaeck/Sites/Rails/mnprograms/public/assets/submissions/1/VACATION REQUEST FORM.pdf
[paperclip] saving /Users/khaeck/Sites/Rails/mnprograms/public/assets/submissions/1/VACATION REQUEST FORM.pdf
Redirected to http://localhost:3000/programs/test/thankyou
Completed in 2333ms (DB: 4) | 302 Found [http://localhost/applicants/2/submissions]


Processing ProgramsController#thankyou (for 127.0.0.1 at 2010-07-22 10:15:12) [GET]
  Parameters: {"action"=>"thankyou", "id"=>"test", "controller"=>"programs"}
Rendering template within layouts/application
Rendering programs/thankyou
Completed in 20ms (View: 16, DB: 1) | 200 OK [http://localhost/programs/test/thankyou]


Processing SessionsController#new (for 127.0.0.1 at 2010-07-22 10:15:48) [GET]
  Parameters: {"action"=>"new", "controller"=>"sessions"}
Rendering template within layouts/application
Rendering sessions/new
Completed in 14ms (View: 13, DB: 0) | 200 OK [http://localhost/users/login]


Processing SessionsController#create (for 127.0.0.1 at 2010-07-22 10:15:55) [POST]
  Parameters: {"commit"=>"Sign in", "action"=>"create", "authenticity_token"=>"iqxT871aXal0HsBwxemtbLgjkNbex4uU490bIZxHxuE=", "controller"=>"sessions", "user"=>{"remember_me"=>"0", "password"=>"[FILTERED]", "email"=>"kla.haeck@gmail.com"}}
Rendering template within layouts/application
Rendering sessions/new
Completed in 16ms (View: 11, DB: 0) | 200 OK [http://localhost/users/login]


Processing SessionsController#create (for 127.0.0.1 at 2010-07-22 10:16:11) [POST]
  Parameters: {"commit"=>"Sign in", "action"=>"create", "authenticity_token"=>"iqxT871aXal0HsBwxemtbLgjkNbex4uU490bIZxHxuE=", "controller"=>"sessions", "user"=>{"remember_me"=>"0", "password"=>"[FILTERED]", "email"=>"admin@root.com"}}
Redirected to http://localhost:3000/
Completed in 12ms (DB: 4) | 302 Found [http://localhost/users/login]


Processing ProgramsController#index (for 127.0.0.1 at 2010-07-22 10:16:11) [GET]
  Parameters: {"action"=>"index", "controller"=>"programs"}
Rendering template within layouts/application
Rendering programs/index
Completed in 169ms (View: 157, DB: 10) | 200 OK [http://localhost/]


Processing ProgramsController#show (for 127.0.0.1 at 2010-07-22 10:16:19) [GET]
  Parameters: {"action"=>"show", "id"=>"test", "controller"=>"programs"}
Rendering template within layouts/application
Rendering programs/show
Completed in 25ms (View: 20, DB: 2) | 200 OK [http://localhost/programs/test]


Processing ApplicantsController#index (for 127.0.0.1 at 2010-07-22 10:16:20) [GET]
  Parameters: {"program_id"=>"test", "action"=>"index", "controller"=>"applicants"}
Rendering template within layouts/application
Rendering applicants/index
Completed in 33ms (View: 26, DB: 2) | 200 OK [http://localhost/programs/test/applicants]


Processing ApplicantsController#show (for 127.0.0.1 at 2010-07-22 10:16:24) [GET]
  Parameters: {"action"=>"show", "id"=>"2", "controller"=>"applicants"}
Rendering template within layouts/application
Rendering applicants/show
Completed in 24ms (View: 19, DB: 2) | 200 OK [http://localhost/applicants/2]


Processing ApplicantsController#index (for 127.0.0.1 at 2010-07-22 10:16:34) [GET]
  Parameters: {"program_id"=>"test", "action"=>"index", "controller"=>"applicants"}
Rendering template within layouts/application
Rendering applicants/index
Completed in 34ms (View: 24, DB: 6) | 200 OK [http://localhost/programs/test/applicants]


Processing ApplicantsController#show (for 127.0.0.1 at 2010-07-22 10:16:36) [GET]
  Parameters: {"action"=>"show", "id"=>"1", "controller"=>"applicants"}
Rendering template within layouts/application
Rendering applicants/show
Completed in 19ms (View: 14, DB: 2) | 200 OK [http://localhost/applicants/1]


Processing ApplicantsController#index (for 127.0.0.1 at 2010-07-22 10:16:43) [GET]
  Parameters: {"program_id"=>"test", "action"=>"index", "controller"=>"applicants"}
Rendering template within layouts/application
Rendering applicants/index
Completed in 28ms (View: 21, DB: 2) | 200 OK [http://localhost/programs/test/applicants]


Processing ApplicantsController#index (for 127.0.0.1 at 2010-07-22 10:21:07) [GET]
  Parameters: {"program_id"=>"test", "action"=>"index", "controller"=>"applicants"}
Rendering template within layouts/application
Rendering applicants/index
Completed in 42ms (View: 36, DB: 2) | 200 OK [http://localhost/programs/test/applicants]


Processing ApplicantsController#index (for 127.0.0.1 at 2010-07-22 10:21:24) [GET]
  Parameters: {"program_id"=>"test", "action"=>"index", "controller"=>"applicants"}
Rendering template within layouts/application
Rendering applicants/index
Completed in 29ms (View: 22, DB: 2) | 200 OK [http://localhost/programs/test/applicants]


Processing ApplicantsController#index (for 127.0.0.1 at 2010-07-22 10:21:29) [GET]
  Parameters: {"program_id"=>"test", "action"=>"index", "controller"=>"applicants"}
Rendering template within layouts/application
Rendering applicants/index
Completed in 30ms (View: 23, DB: 2) | 200 OK [http://localhost/programs/test/applicants]


Processing ApplicantsController#index (for 127.0.0.1 at 2010-07-22 10:21:30) [GET]
  Parameters: {"program_id"=>"test", "action"=>"index", "controller"=>"applicants"}
Rendering template within layouts/application
Rendering applicants/index
Completed in 29ms (View: 22, DB: 2) | 200 OK [http://localhost/programs/test/applicants]


Processing ApplicantsController#show (for 127.0.0.1 at 2010-07-22 10:22:48) [GET]
  Parameters: {"action"=>"show", "id"=>"1", "controller"=>"applicants"}
Rendering template within layouts/application
Rendering applicants/show
Completed in 28ms (View: 24, DB: 1) | 200 OK [http://localhost/applicants/1]


Processing ApplicantsController#show (for 127.0.0.1 at 2010-07-22 10:22:52) [GET]
  Parameters: {"action"=>"show", "id"=>"1", "controller"=>"applicants"}
Rendering template within layouts/application
Rendering applicants/show
Completed in 19ms (View: 15, DB: 1) | 200 OK [http://localhost/applicants/1]
/!\ FAILSAFE /!\  Thu Jul 22 10:23:19 -0500 2010
  Status: 500 Internal Server Error
  Can't connect to local MySQL server through socket '/var/run/mysqld/mysqld.sock' (2)
    /usr/local/lib/ruby/gems/1.8/gems/activerecord-2.3.8/lib/active_record/connection_adapters/mysql_adapter.rb:619:in `real_connect'
    /usr/local/lib/ruby/gems/1.8/gems/activerecord-2.3.8/lib/active_record/connection_adapters/mysql_adapter.rb:619:in `connect'
    /usr/local/lib/ruby/gems/1.8/gems/activerecord-2.3.8/lib/active_record/connection_adapters/mysql_adapter.rb:203:in `initialize'
    /usr/local/lib/ruby/gems/1.8/gems/activerecord-2.3.8/lib/active_record/connection_adapters/mysql_adapter.rb:75:in `new'
    /usr/local/lib/ruby/gems/1.8/gems/activerecord-2.3.8/lib/active_record/connection_adapters/mysql_adapter.rb:75:in `mysql_connection'
    /usr/local/lib/ruby/gems/1.8/gems/activerecord-2.3.8/lib/active_record/connection_adapters/abstract/connection_pool.rb:223:in `send'
    /usr/local/lib/ruby/gems/1.8/gems/activerecord-2.3.8/lib/active_record/connection_adapters/abstract/connection_pool.rb:223:in `new_connection'
    /usr/local/lib/ruby/gems/1.8/gems/activerecord-2.3.8/lib/active_record/connection_adapters/abstract/connection_pool.rb:245:in `checkout_new_connection'
    /usr/local/lib/ruby/gems/1.8/gems/activerecord-2.3.8/lib/active_record/connection_adapters/abstract/connection_pool.rb:188:in `checkout'
    /usr/local/lib/ruby/gems/1.8/gems/activerecord-2.3.8/lib/active_record/connection_adapters/abstract/connection_pool.rb:184:in `loop'
    /usr/local/lib/ruby/gems/1.8/gems/activerecord-2.3.8/lib/active_record/connection_adapters/abstract/connection_pool.rb:184:in `checkout'
    /usr/local/lib/ruby/1.8/monitor.rb:242:in `synchronize'
    /usr/local/lib/ruby/gems/1.8/gems/activerecord-2.3.8/lib/active_record/connection_adapters/abstract/connection_pool.rb:183:in `checkout'
    /usr/local/lib/ruby/gems/1.8/gems/activerecord-2.3.8/lib/active_record/connection_adapters/abstract/connection_pool.rb:98:in `connection'
    /usr/local/lib/ruby/gems/1.8/gems/activerecord-2.3.8/lib/active_record/connection_adapters/abstract/connection_pool.rb:326:in `retrieve_connection'
    /usr/local/lib/ruby/gems/1.8/gems/activerecord-2.3.8/lib/active_record/connection_adapters/abstract/connection_specification.rb:123:in `retrieve_connection'
    /usr/local/lib/ruby/gems/1.8/gems/activerecord-2.3.8/lib/active_record/connection_adapters/abstract/connection_specification.rb:115:in `connection'
    /usr/local/lib/ruby/gems/1.8/gems/activerecord-2.3.8/lib/active_record/query_cache.rb:9:in `cache'
    /usr/local/lib/ruby/gems/1.8/gems/activerecord-2.3.8/lib/active_record/query_cache.rb:28:in `call'
    /usr/local/lib/ruby/gems/1.8/gems/activerecord-2.3.8/lib/active_record/connection_adapters/abstract/connection_pool.rb:361:in `call'
    /usr/local/lib/ruby/gems/1.8/gems/warden-0.10.7/lib/warden/manager.rb:35:in `call'
    /usr/local/lib/ruby/gems/1.8/gems/warden-0.10.7/lib/warden/manager.rb:34:in `catch'
    /usr/local/lib/ruby/gems/1.8/gems/warden-0.10.7/lib/warden/manager.rb:34:in `call'
    /usr/local/lib/ruby/gems/1.8/gems/actionpack-2.3.8/lib/action_controller/string_coercion.rb:25:in `call'
    /usr/local/lib/ruby/gems/1.8/gems/rack-1.1.0/lib/rack/head.rb:9:in `call'
    /usr/local/lib/ruby/gems/1.8/gems/rack-1.1.0/lib/rack/methodoverride.rb:24:in `call'
    /usr/local/lib/ruby/gems/1.8/gems/actionpack-2.3.8/lib/action_controller/params_parser.rb:15:in `call'
    /usr/local/lib/ruby/gems/1.8/gems/actionpack-2.3.8/lib/action_controller/session/cookie_store.rb:99:in `call'
    /usr/local/lib/ruby/gems/1.8/gems/actionpack-2.3.8/lib/action_controller/failsafe.rb:26:in `call'
    /usr/local/lib/ruby/gems/1.8/gems/rack-1.1.0/lib/rack/lock.rb:11:in `call'
    /usr/local/lib/ruby/gems/1.8/gems/rack-1.1.0/lib/rack/lock.rb:11:in `synchronize'
    /usr/local/lib/ruby/gems/1.8/gems/rack-1.1.0/lib/rack/lock.rb:11:in `call'
    /usr/local/lib/ruby/gems/1.8/gems/actionpack-2.3.8/lib/action_controller/dispatcher.rb:106:in `call'
    /usr/local/lib/ruby/gems/1.8/gems/rails-2.3.8/lib/rails/rack/static.rb:31:in `call'
    /usr/local/lib/ruby/gems/1.8/gems/rack-1.1.0/lib/rack/urlmap.rb:47:in `call'
    /usr/local/lib/ruby/gems/1.8/gems/rack-1.1.0/lib/rack/urlmap.rb:41:in `each'
    /usr/local/lib/ruby/gems/1.8/gems/rack-1.1.0/lib/rack/urlmap.rb:41:in `call'
    /usr/local/lib/ruby/gems/1.8/gems/rails-2.3.8/lib/rails/rack/log_tailer.rb:17:in `call'
    /usr/local/lib/ruby/gems/1.8/gems/rack-1.1.0/lib/rack/content_length.rb:13:in `call'
    /usr/local/lib/ruby/gems/1.8/gems/rack-1.1.0/lib/rack/chunked.rb:15:in `call'
    /usr/local/lib/ruby/gems/1.8/gems/rack-1.1.0/lib/rack/handler/mongrel.rb:67:in `process'
    /usr/local/lib/ruby/gems/1.8/gems/mongrel-1.1.5/lib/mongrel.rb:159:in `process_client'
    /usr/local/lib/ruby/gems/1.8/gems/mongrel-1.1.5/lib/mongrel.rb:158:in `each'
    /usr/local/lib/ruby/gems/1.8/gems/mongrel-1.1.5/lib/mongrel.rb:158:in `process_client'
    /usr/local/lib/ruby/gems/1.8/gems/mongrel-1.1.5/lib/mongrel.rb:285:in `run'
    /usr/local/lib/ruby/gems/1.8/gems/mongrel-1.1.5/lib/mongrel.rb:285:in `initialize'
    /usr/local/lib/ruby/gems/1.8/gems/mongrel-1.1.5/lib/mongrel.rb:285:in `new'
    /usr/local/lib/ruby/gems/1.8/gems/mongrel-1.1.5/lib/mongrel.rb:285:in `run'
    /usr/local/lib/ruby/gems/1.8/gems/mongrel-1.1.5/lib/mongrel.rb:268:in `initialize'
    /usr/local/lib/ruby/gems/1.8/gems/mongrel-1.1.5/lib/mongrel.rb:268:in `new'
    /usr/local/lib/ruby/gems/1.8/gems/mongrel-1.1.5/lib/mongrel.rb:268:in `run'
    /usr/local/lib/ruby/gems/1.8/gems/rack-1.1.0/lib/rack/handler/mongrel.rb:38:in `run'
    /usr/local/lib/ruby/gems/1.8/gems/rails-2.3.8/lib/commands/server.rb:111
    /usr/local/lib/ruby/site_ruby/1.8/rubygems/custom_require.rb:31:in `gem_original_require'
    /usr/local/lib/ruby/site_ruby/1.8/rubygems/custom_require.rb:31:in `require'
    script/server:3
/!\ FAILSAFE /!\  Thu Jul 22 10:23:21 -0500 2010
  Status: 500 Internal Server Error
  Can't connect to local MySQL server through socket '/var/run/mysqld/mysqld.sock' (2)
    /usr/local/lib/ruby/gems/1.8/gems/activerecord-2.3.8/lib/active_record/connection_adapters/mysql_adapter.rb:619:in `real_connect'
    /usr/local/lib/ruby/gems/1.8/gems/activerecord-2.3.8/lib/active_record/connection_adapters/mysql_adapter.rb:619:in `connect'
    /usr/local/lib/ruby/gems/1.8/gems/activerecord-2.3.8/lib/active_record/connection_adapters/mysql_adapter.rb:203:in `initialize'
    /usr/local/lib/ruby/gems/1.8/gems/activerecord-2.3.8/lib/active_record/connection_adapters/mysql_adapter.rb:75:in `new'
    /usr/local/lib/ruby/gems/1.8/gems/activerecord-2.3.8/lib/active_record/connection_adapters/mysql_adapter.rb:75:in `mysql_connection'
    /usr/local/lib/ruby/gems/1.8/gems/activerecord-2.3.8/lib/active_record/connection_adapters/abstract/connection_pool.rb:223:in `send'
    /usr/local/lib/ruby/gems/1.8/gems/activerecord-2.3.8/lib/active_record/connection_adapters/abstract/connection_pool.rb:223:in `new_connection'
    /usr/local/lib/ruby/gems/1.8/gems/activerecord-2.3.8/lib/active_record/connection_adapters/abstract/connection_pool.rb:245:in `checkout_new_connection'
    /usr/local/lib/ruby/gems/1.8/gems/activerecord-2.3.8/lib/active_record/connection_adapters/abstract/connection_pool.rb:188:in `checkout'
    /usr/local/lib/ruby/gems/1.8/gems/activerecord-2.3.8/lib/active_record/connection_adapters/abstract/connection_pool.rb:184:in `loop'
    /usr/local/lib/ruby/gems/1.8/gems/activerecord-2.3.8/lib/active_record/connection_adapters/abstract/connection_pool.rb:184:in `checkout'
    /usr/local/lib/ruby/1.8/monitor.rb:242:in `synchronize'
    /usr/local/lib/ruby/gems/1.8/gems/activerecord-2.3.8/lib/active_record/connection_adapters/abstract/connection_pool.rb:183:in `checkout'
    /usr/local/lib/ruby/gems/1.8/gems/activerecord-2.3.8/lib/active_record/connection_adapters/abstract/connection_pool.rb:98:in `connection'
    /usr/local/lib/ruby/gems/1.8/gems/activerecord-2.3.8/lib/active_record/connection_adapters/abstract/connection_pool.rb:326:in `retrieve_connection'
    /usr/local/lib/ruby/gems/1.8/gems/activerecord-2.3.8/lib/active_record/connection_adapters/abstract/connection_specification.rb:123:in `retrieve_connection'
    /usr/local/lib/ruby/gems/1.8/gems/activerecord-2.3.8/lib/active_record/connection_adapters/abstract/connection_specification.rb:115:in `connection'
    /usr/local/lib/ruby/gems/1.8/gems/activerecord-2.3.8/lib/active_record/query_cache.rb:9:in `cache'
    /usr/local/lib/ruby/gems/1.8/gems/activerecord-2.3.8/lib/active_record/query_cache.rb:28:in `call'
    /usr/local/lib/ruby/gems/1.8/gems/activerecord-2.3.8/lib/active_record/connection_adapters/abstract/connection_pool.rb:361:in `call'
    /usr/local/lib/ruby/gems/1.8/gems/warden-0.10.7/lib/warden/manager.rb:35:in `call'
    /usr/local/lib/ruby/gems/1.8/gems/warden-0.10.7/lib/warden/manager.rb:34:in `catch'
    /usr/local/lib/ruby/gems/1.8/gems/warden-0.10.7/lib/warden/manager.rb:34:in `call'
    /usr/local/lib/ruby/gems/1.8/gems/actionpack-2.3.8/lib/action_controller/string_coercion.rb:25:in `call'
    /usr/local/lib/ruby/gems/1.8/gems/rack-1.1.0/lib/rack/head.rb:9:in `call'
    /usr/local/lib/ruby/gems/1.8/gems/rack-1.1.0/lib/rack/methodoverride.rb:24:in `call'
    /usr/local/lib/ruby/gems/1.8/gems/actionpack-2.3.8/lib/action_controller/params_parser.rb:15:in `call'
    /usr/local/lib/ruby/gems/1.8/gems/actionpack-2.3.8/lib/action_controller/session/cookie_store.rb:99:in `call'
    /usr/local/lib/ruby/gems/1.8/gems/actionpack-2.3.8/lib/action_controller/failsafe.rb:26:in `call'
    /usr/local/lib/ruby/gems/1.8/gems/rack-1.1.0/lib/rack/lock.rb:11:in `call'
    /usr/local/lib/ruby/gems/1.8/gems/rack-1.1.0/lib/rack/lock.rb:11:in `synchronize'
    /usr/local/lib/ruby/gems/1.8/gems/rack-1.1.0/lib/rack/lock.rb:11:in `call'
    /usr/local/lib/ruby/gems/1.8/gems/actionpack-2.3.8/lib/action_controller/dispatcher.rb:106:in `call'
    /usr/local/lib/ruby/gems/1.8/gems/rails-2.3.8/lib/rails/rack/static.rb:31:in `call'
    /usr/local/lib/ruby/gems/1.8/gems/rack-1.1.0/lib/rack/urlmap.rb:47:in `call'
    /usr/local/lib/ruby/gems/1.8/gems/rack-1.1.0/lib/rack/urlmap.rb:41:in `each'
    /usr/local/lib/ruby/gems/1.8/gems/rack-1.1.0/lib/rack/urlmap.rb:41:in `call'
    /usr/local/lib/ruby/gems/1.8/gems/rails-2.3.8/lib/rails/rack/log_tailer.rb:17:in `call'
    /usr/local/lib/ruby/gems/1.8/gems/rack-1.1.0/lib/rack/content_length.rb:13:in `call'
    /usr/local/lib/ruby/gems/1.8/gems/rack-1.1.0/lib/rack/chunked.rb:15:in `call'
    /usr/local/lib/ruby/gems/1.8/gems/rack-1.1.0/lib/rack/handler/mongrel.rb:67:in `process'
    /usr/local/lib/ruby/gems/1.8/gems/mongrel-1.1.5/lib/mongrel.rb:159:in `process_client'
    /usr/local/lib/ruby/gems/1.8/gems/mongrel-1.1.5/lib/mongrel.rb:158:in `each'
    /usr/local/lib/ruby/gems/1.8/gems/mongrel-1.1.5/lib/mongrel.rb:158:in `process_client'
    /usr/local/lib/ruby/gems/1.8/gems/mongrel-1.1.5/lib/mongrel.rb:285:in `run'
    /usr/local/lib/ruby/gems/1.8/gems/mongrel-1.1.5/lib/mongrel.rb:285:in `initialize'
    /usr/local/lib/ruby/gems/1.8/gems/mongrel-1.1.5/lib/mongrel.rb:285:in `new'
    /usr/local/lib/ruby/gems/1.8/gems/mongrel-1.1.5/lib/mongrel.rb:285:in `run'
    /usr/local/lib/ruby/gems/1.8/gems/mongrel-1.1.5/lib/mongrel.rb:268:in `initialize'
    /usr/local/lib/ruby/gems/1.8/gems/mongrel-1.1.5/lib/mongrel.rb:268:in `new'
    /usr/local/lib/ruby/gems/1.8/gems/mongrel-1.1.5/lib/mongrel.rb:268:in `run'
    /usr/local/lib/ruby/gems/1.8/gems/rack-1.1.0/lib/rack/handler/mongrel.rb:38:in `run'
    /usr/local/lib/ruby/gems/1.8/gems/rails-2.3.8/lib/commands/server.rb:111
    /usr/local/lib/ruby/site_ruby/1.8/rubygems/custom_require.rb:31:in `gem_original_require'
    /usr/local/lib/ruby/site_ruby/1.8/rubygems/custom_require.rb:31:in `require'
    script/server:3
/!\ FAILSAFE /!\  Thu Jul 22 10:23:22 -0500 2010
  Status: 500 Internal Server Error
  Can't connect to local MySQL server through socket '/var/run/mysqld/mysqld.sock' (2)
    /usr/local/lib/ruby/gems/1.8/gems/activerecord-2.3.8/lib/active_record/connection_adapters/mysql_adapter.rb:619:in `real_connect'
    /usr/local/lib/ruby/gems/1.8/gems/activerecord-2.3.8/lib/active_record/connection_adapters/mysql_adapter.rb:619:in `connect'
    /usr/local/lib/ruby/gems/1.8/gems/activerecord-2.3.8/lib/active_record/connection_adapters/mysql_adapter.rb:203:in `initialize'
    /usr/local/lib/ruby/gems/1.8/gems/activerecord-2.3.8/lib/active_record/connection_adapters/mysql_adapter.rb:75:in `new'
    /usr/local/lib/ruby/gems/1.8/gems/activerecord-2.3.8/lib/active_record/connection_adapters/mysql_adapter.rb:75:in `mysql_connection'
    /usr/local/lib/ruby/gems/1.8/gems/activerecord-2.3.8/lib/active_record/connection_adapters/abstract/connection_pool.rb:223:in `send'
    /usr/local/lib/ruby/gems/1.8/gems/activerecord-2.3.8/lib/active_record/connection_adapters/abstract/connection_pool.rb:223:in `new_connection'
    /usr/local/lib/ruby/gems/1.8/gems/activerecord-2.3.8/lib/active_record/connection_adapters/abstract/connection_pool.rb:245:in `checkout_new_connection'
    /usr/local/lib/ruby/gems/1.8/gems/activerecord-2.3.8/lib/active_record/connection_adapters/abstract/connection_pool.rb:188:in `checkout'
    /usr/local/lib/ruby/gems/1.8/gems/activerecord-2.3.8/lib/active_record/connection_adapters/abstract/connection_pool.rb:184:in `loop'
    /usr/local/lib/ruby/gems/1.8/gems/activerecord-2.3.8/lib/active_record/connection_adapters/abstract/connection_pool.rb:184:in `checkout'
    /usr/local/lib/ruby/1.8/monitor.rb:242:in `synchronize'
    /usr/local/lib/ruby/gems/1.8/gems/activerecord-2.3.8/lib/active_record/connection_adapters/abstract/connection_pool.rb:183:in `checkout'
    /usr/local/lib/ruby/gems/1.8/gems/activerecord-2.3.8/lib/active_record/connection_adapters/abstract/connection_pool.rb:98:in `connection'
    /usr/local/lib/ruby/gems/1.8/gems/activerecord-2.3.8/lib/active_record/connection_adapters/abstract/connection_pool.rb:326:in `retrieve_connection'
    /usr/local/lib/ruby/gems/1.8/gems/activerecord-2.3.8/lib/active_record/connection_adapters/abstract/connection_specification.rb:123:in `retrieve_connection'
    /usr/local/lib/ruby/gems/1.8/gems/activerecord-2.3.8/lib/active_record/connection_adapters/abstract/connection_specification.rb:115:in `connection'
    /usr/local/lib/ruby/gems/1.8/gems/activerecord-2.3.8/lib/active_record/query_cache.rb:9:in `cache'
    /usr/local/lib/ruby/gems/1.8/gems/activerecord-2.3.8/lib/active_record/query_cache.rb:28:in `call'
    /usr/local/lib/ruby/gems/1.8/gems/activerecord-2.3.8/lib/active_record/connection_adapters/abstract/connection_pool.rb:361:in `call'
    /usr/local/lib/ruby/gems/1.8/gems/warden-0.10.7/lib/warden/manager.rb:35:in `call'
    /usr/local/lib/ruby/gems/1.8/gems/warden-0.10.7/lib/warden/manager.rb:34:in `catch'
    /usr/local/lib/ruby/gems/1.8/gems/warden-0.10.7/lib/warden/manager.rb:34:in `call'
    /usr/local/lib/ruby/gems/1.8/gems/actionpack-2.3.8/lib/action_controller/string_coercion.rb:25:in `call'
    /usr/local/lib/ruby/gems/1.8/gems/rack-1.1.0/lib/rack/head.rb:9:in `call'
    /usr/local/lib/ruby/gems/1.8/gems/rack-1.1.0/lib/rack/methodoverride.rb:24:in `call'
    /usr/local/lib/ruby/gems/1.8/gems/actionpack-2.3.8/lib/action_controller/params_parser.rb:15:in `call'
    /usr/local/lib/ruby/gems/1.8/gems/actionpack-2.3.8/lib/action_controller/session/cookie_store.rb:99:in `call'
    /usr/local/lib/ruby/gems/1.8/gems/actionpack-2.3.8/lib/action_controller/failsafe.rb:26:in `call'
    /usr/local/lib/ruby/gems/1.8/gems/rack-1.1.0/lib/rack/lock.rb:11:in `call'
    /usr/local/lib/ruby/gems/1.8/gems/rack-1.1.0/lib/rack/lock.rb:11:in `synchronize'
    /usr/local/lib/ruby/gems/1.8/gems/rack-1.1.0/lib/rack/lock.rb:11:in `call'
    /usr/local/lib/ruby/gems/1.8/gems/actionpack-2.3.8/lib/action_controller/dispatcher.rb:106:in `call'
    /usr/local/lib/ruby/gems/1.8/gems/rails-2.3.8/lib/rails/rack/static.rb:31:in `call'
    /usr/local/lib/ruby/gems/1.8/gems/rack-1.1.0/lib/rack/urlmap.rb:47:in `call'
    /usr/local/lib/ruby/gems/1.8/gems/rack-1.1.0/lib/rack/urlmap.rb:41:in `each'
    /usr/local/lib/ruby/gems/1.8/gems/rack-1.1.0/lib/rack/urlmap.rb:41:in `call'
    /usr/local/lib/ruby/gems/1.8/gems/rails-2.3.8/lib/rails/rack/log_tailer.rb:17:in `call'
    /usr/local/lib/ruby/gems/1.8/gems/rack-1.1.0/lib/rack/content_length.rb:13:in `call'
    /usr/local/lib/ruby/gems/1.8/gems/rack-1.1.0/lib/rack/chunked.rb:15:in `call'
    /usr/local/lib/ruby/gems/1.8/gems/rack-1.1.0/lib/rack/handler/mongrel.rb:67:in `process'
    /usr/local/lib/ruby/gems/1.8/gems/mongrel-1.1.5/lib/mongrel.rb:159:in `process_client'
    /usr/local/lib/ruby/gems/1.8/gems/mongrel-1.1.5/lib/mongrel.rb:158:in `each'
    /usr/local/lib/ruby/gems/1.8/gems/mongrel-1.1.5/lib/mongrel.rb:158:in `process_client'
    /usr/local/lib/ruby/gems/1.8/gems/mongrel-1.1.5/lib/mongrel.rb:285:in `run'
    /usr/local/lib/ruby/gems/1.8/gems/mongrel-1.1.5/lib/mongrel.rb:285:in `initialize'
    /usr/local/lib/ruby/gems/1.8/gems/mongrel-1.1.5/lib/mongrel.rb:285:in `new'
    /usr/local/lib/ruby/gems/1.8/gems/mongrel-1.1.5/lib/mongrel.rb:285:in `run'
    /usr/local/lib/ruby/gems/1.8/gems/mongrel-1.1.5/lib/mongrel.rb:268:in `initialize'
    /usr/local/lib/ruby/gems/1.8/gems/mongrel-1.1.5/lib/mongrel.rb:268:in `new'
    /usr/local/lib/ruby/gems/1.8/gems/mongrel-1.1.5/lib/mongrel.rb:268:in `run'
    /usr/local/lib/ruby/gems/1.8/gems/rack-1.1.0/lib/rack/handler/mongrel.rb:38:in `run'
    /usr/local/lib/ruby/gems/1.8/gems/rails-2.3.8/lib/commands/server.rb:111
    /usr/local/lib/ruby/site_ruby/1.8/rubygems/custom_require.rb:31:in `gem_original_require'
    /usr/local/lib/ruby/site_ruby/1.8/rubygems/custom_require.rb:31:in `require'
    script/server:3
/!\ FAILSAFE /!\  Thu Jul 22 10:23:24 -0500 2010
  Status: 500 Internal Server Error
  Can't connect to local MySQL server through socket '/var/run/mysqld/mysqld.sock' (2)
    /usr/local/lib/ruby/gems/1.8/gems/activerecord-2.3.8/lib/active_record/connection_adapters/mysql_adapter.rb:619:in `real_connect'
    /usr/local/lib/ruby/gems/1.8/gems/activerecord-2.3.8/lib/active_record/connection_adapters/mysql_adapter.rb:619:in `connect'
    /usr/local/lib/ruby/gems/1.8/gems/activerecord-2.3.8/lib/active_record/connection_adapters/mysql_adapter.rb:203:in `initialize'
    /usr/local/lib/ruby/gems/1.8/gems/activerecord-2.3.8/lib/active_record/connection_adapters/mysql_adapter.rb:75:in `new'
    /usr/local/lib/ruby/gems/1.8/gems/activerecord-2.3.8/lib/active_record/connection_adapters/mysql_adapter.rb:75:in `mysql_connection'
    /usr/local/lib/ruby/gems/1.8/gems/activerecord-2.3.8/lib/active_record/connection_adapters/abstract/connection_pool.rb:223:in `send'
    /usr/local/lib/ruby/gems/1.8/gems/activerecord-2.3.8/lib/active_record/connection_adapters/abstract/connection_pool.rb:223:in `new_connection'
    /usr/local/lib/ruby/gems/1.8/gems/activerecord-2.3.8/lib/active_record/connection_adapters/abstract/connection_pool.rb:245:in `checkout_new_connection'
    /usr/local/lib/ruby/gems/1.8/gems/activerecord-2.3.8/lib/active_record/connection_adapters/abstract/connection_pool.rb:188:in `checkout'
    /usr/local/lib/ruby/gems/1.8/gems/activerecord-2.3.8/lib/active_record/connection_adapters/abstract/connection_pool.rb:184:in `loop'
    /usr/local/lib/ruby/gems/1.8/gems/activerecord-2.3.8/lib/active_record/connection_adapters/abstract/connection_pool.rb:184:in `checkout'
    /usr/local/lib/ruby/1.8/monitor.rb:242:in `synchronize'
    /usr/local/lib/ruby/gems/1.8/gems/activerecord-2.3.8/lib/active_record/connection_adapters/abstract/connection_pool.rb:183:in `checkout'
    /usr/local/lib/ruby/gems/1.8/gems/activerecord-2.3.8/lib/active_record/connection_adapters/abstract/connection_pool.rb:98:in `connection'
    /usr/local/lib/ruby/gems/1.8/gems/activerecord-2.3.8/lib/active_record/connection_adapters/abstract/connection_pool.rb:326:in `retrieve_connection'
    /usr/local/lib/ruby/gems/1.8/gems/activerecord-2.3.8/lib/active_record/connection_adapters/abstract/connection_specification.rb:123:in `retrieve_connection'
    /usr/local/lib/ruby/gems/1.8/gems/activerecord-2.3.8/lib/active_record/connection_adapters/abstract/connection_specification.rb:115:in `connection'
    /usr/local/lib/ruby/gems/1.8/gems/activerecord-2.3.8/lib/active_record/query_cache.rb:9:in `cache'
    /usr/local/lib/ruby/gems/1.8/gems/activerecord-2.3.8/lib/active_record/query_cache.rb:28:in `call'
    /usr/local/lib/ruby/gems/1.8/gems/activerecord-2.3.8/lib/active_record/connection_adapters/abstract/connection_pool.rb:361:in `call'
    /usr/local/lib/ruby/gems/1.8/gems/warden-0.10.7/lib/warden/manager.rb:35:in `call'
    /usr/local/lib/ruby/gems/1.8/gems/warden-0.10.7/lib/warden/manager.rb:34:in `catch'
    /usr/local/lib/ruby/gems/1.8/gems/warden-0.10.7/lib/warden/manager.rb:34:in `call'
    /usr/local/lib/ruby/gems/1.8/gems/actionpack-2.3.8/lib/action_controller/string_coercion.rb:25:in `call'
    /usr/local/lib/ruby/gems/1.8/gems/rack-1.1.0/lib/rack/head.rb:9:in `call'
    /usr/local/lib/ruby/gems/1.8/gems/rack-1.1.0/lib/rack/methodoverride.rb:24:in `call'
    /usr/local/lib/ruby/gems/1.8/gems/actionpack-2.3.8/lib/action_controller/params_parser.rb:15:in `call'
    /usr/local/lib/ruby/gems/1.8/gems/actionpack-2.3.8/lib/action_controller/session/cookie_store.rb:99:in `call'
    /usr/local/lib/ruby/gems/1.8/gems/actionpack-2.3.8/lib/action_controller/failsafe.rb:26:in `call'
    /usr/local/lib/ruby/gems/1.8/gems/rack-1.1.0/lib/rack/lock.rb:11:in `call'
    /usr/local/lib/ruby/gems/1.8/gems/rack-1.1.0/lib/rack/lock.rb:11:in `synchronize'
    /usr/local/lib/ruby/gems/1.8/gems/rack-1.1.0/lib/rack/lock.rb:11:in `call'
    /usr/local/lib/ruby/gems/1.8/gems/actionpack-2.3.8/lib/action_controller/dispatcher.rb:106:in `call'
    /usr/local/lib/ruby/gems/1.8/gems/rails-2.3.8/lib/rails/rack/static.rb:31:in `call'
    /usr/local/lib/ruby/gems/1.8/gems/rack-1.1.0/lib/rack/urlmap.rb:47:in `call'
    /usr/local/lib/ruby/gems/1.8/gems/rack-1.1.0/lib/rack/urlmap.rb:41:in `each'
    /usr/local/lib/ruby/gems/1.8/gems/rack-1.1.0/lib/rack/urlmap.rb:41:in `call'
    /usr/local/lib/ruby/gems/1.8/gems/rails-2.3.8/lib/rails/rack/log_tailer.rb:17:in `call'
    /usr/local/lib/ruby/gems/1.8/gems/rack-1.1.0/lib/rack/content_length.rb:13:in `call'
    /usr/local/lib/ruby/gems/1.8/gems/rack-1.1.0/lib/rack/chunked.rb:15:in `call'
    /usr/local/lib/ruby/gems/1.8/gems/rack-1.1.0/lib/rack/handler/mongrel.rb:67:in `process'
    /usr/local/lib/ruby/gems/1.8/gems/mongrel-1.1.5/lib/mongrel.rb:159:in `process_client'
    /usr/local/lib/ruby/gems/1.8/gems/mongrel-1.1.5/lib/mongrel.rb:158:in `each'
    /usr/local/lib/ruby/gems/1.8/gems/mongrel-1.1.5/lib/mongrel.rb:158:in `process_client'
    /usr/local/lib/ruby/gems/1.8/gems/mongrel-1.1.5/lib/mongrel.rb:285:in `run'
    /usr/local/lib/ruby/gems/1.8/gems/mongrel-1.1.5/lib/mongrel.rb:285:in `initialize'
    /usr/local/lib/ruby/gems/1.8/gems/mongrel-1.1.5/lib/mongrel.rb:285:in `new'
    /usr/local/lib/ruby/gems/1.8/gems/mongrel-1.1.5/lib/mongrel.rb:285:in `run'
    /usr/local/lib/ruby/gems/1.8/gems/mongrel-1.1.5/lib/mongrel.rb:268:in `initialize'
    /usr/local/lib/ruby/gems/1.8/gems/mongrel-1.1.5/lib/mongrel.rb:268:in `new'
    /usr/local/lib/ruby/gems/1.8/gems/mongrel-1.1.5/lib/mongrel.rb:268:in `run'
    /usr/local/lib/ruby/gems/1.8/gems/rack-1.1.0/lib/rack/handler/mongrel.rb:38:in `run'
    /usr/local/lib/ruby/gems/1.8/gems/rails-2.3.8/lib/commands/server.rb:111
    /usr/local/lib/ruby/site_ruby/1.8/rubygems/custom_require.rb:31:in `gem_original_require'
    /usr/local/lib/ruby/site_ruby/1.8/rubygems/custom_require.rb:31:in `require'
    script/server:3
/!\ FAILSAFE /!\  Thu Jul 22 10:23:24 -0500 2010
  Status: 500 Internal Server Error
  Can't connect to local MySQL server through socket '/var/run/mysqld/mysqld.sock' (2)
    /usr/local/lib/ruby/gems/1.8/gems/activerecord-2.3.8/lib/active_record/connection_adapters/mysql_adapter.rb:619:in `real_connect'
    /usr/local/lib/ruby/gems/1.8/gems/activerecord-2.3.8/lib/active_record/connection_adapters/mysql_adapter.rb:619:in `connect'
    /usr/local/lib/ruby/gems/1.8/gems/activerecord-2.3.8/lib/active_record/connection_adapters/mysql_adapter.rb:203:in `initialize'
    /usr/local/lib/ruby/gems/1.8/gems/activerecord-2.3.8/lib/active_record/connection_adapters/mysql_adapter.rb:75:in `new'
    /usr/local/lib/ruby/gems/1.8/gems/activerecord-2.3.8/lib/active_record/connection_adapters/mysql_adapter.rb:75:in `mysql_connection'
    /usr/local/lib/ruby/gems/1.8/gems/activerecord-2.3.8/lib/active_record/connection_adapters/abstract/connection_pool.rb:223:in `send'
    /usr/local/lib/ruby/gems/1.8/gems/activerecord-2.3.8/lib/active_record/connection_adapters/abstract/connection_pool.rb:223:in `new_connection'
    /usr/local/lib/ruby/gems/1.8/gems/activerecord-2.3.8/lib/active_record/connection_adapters/abstract/connection_pool.rb:245:in `checkout_new_connection'
    /usr/local/lib/ruby/gems/1.8/gems/activerecord-2.3.8/lib/active_record/connection_adapters/abstract/connection_pool.rb:188:in `checkout'
    /usr/local/lib/ruby/gems/1.8/gems/activerecord-2.3.8/lib/active_record/connection_adapters/abstract/connection_pool.rb:184:in `loop'
    /usr/local/lib/ruby/gems/1.8/gems/activerecord-2.3.8/lib/active_record/connection_adapters/abstract/connection_pool.rb:184:in `checkout'
    /usr/local/lib/ruby/1.8/monitor.rb:242:in `synchronize'
    /usr/local/lib/ruby/gems/1.8/gems/activerecord-2.3.8/lib/active_record/connection_adapters/abstract/connection_pool.rb:183:in `checkout'
    /usr/local/lib/ruby/gems/1.8/gems/activerecord-2.3.8/lib/active_record/connection_adapters/abstract/connection_pool.rb:98:in `connection'
    /usr/local/lib/ruby/gems/1.8/gems/activerecord-2.3.8/lib/active_record/connection_adapters/abstract/connection_pool.rb:326:in `retrieve_connection'
    /usr/local/lib/ruby/gems/1.8/gems/activerecord-2.3.8/lib/active_record/connection_adapters/abstract/connection_specification.rb:123:in `retrieve_connection'
    /usr/local/lib/ruby/gems/1.8/gems/activerecord-2.3.8/lib/active_record/connection_adapters/abstract/connection_specification.rb:115:in `connection'
    /usr/local/lib/ruby/gems/1.8/gems/activerecord-2.3.8/lib/active_record/query_cache.rb:9:in `cache'
    /usr/local/lib/ruby/gems/1.8/gems/activerecord-2.3.8/lib/active_record/query_cache.rb:28:in `call'
    /usr/local/lib/ruby/gems/1.8/gems/activerecord-2.3.8/lib/active_record/connection_adapters/abstract/connection_pool.rb:361:in `call'
    /usr/local/lib/ruby/gems/1.8/gems/warden-0.10.7/lib/warden/manager.rb:35:in `call'
    /usr/local/lib/ruby/gems/1.8/gems/warden-0.10.7/lib/warden/manager.rb:34:in `catch'
    /usr/local/lib/ruby/gems/1.8/gems/warden-0.10.7/lib/warden/manager.rb:34:in `call'
    /usr/local/lib/ruby/gems/1.8/gems/actionpack-2.3.8/lib/action_controller/string_coercion.rb:25:in `call'
    /usr/local/lib/ruby/gems/1.8/gems/rack-1.1.0/lib/rack/head.rb:9:in `call'
    /usr/local/lib/ruby/gems/1.8/gems/rack-1.1.0/lib/rack/methodoverride.rb:24:in `call'
    /usr/local/lib/ruby/gems/1.8/gems/actionpack-2.3.8/lib/action_controller/params_parser.rb:15:in `call'
    /usr/local/lib/ruby/gems/1.8/gems/actionpack-2.3.8/lib/action_controller/session/cookie_store.rb:99:in `call'
    /usr/local/lib/ruby/gems/1.8/gems/actionpack-2.3.8/lib/action_controller/failsafe.rb:26:in `call'
    /usr/local/lib/ruby/gems/1.8/gems/rack-1.1.0/lib/rack/lock.rb:11:in `call'
    /usr/local/lib/ruby/gems/1.8/gems/rack-1.1.0/lib/rack/lock.rb:11:in `synchronize'
    /usr/local/lib/ruby/gems/1.8/gems/rack-1.1.0/lib/rack/lock.rb:11:in `call'
    /usr/local/lib/ruby/gems/1.8/gems/actionpack-2.3.8/lib/action_controller/dispatcher.rb:106:in `call'
    /usr/local/lib/ruby/gems/1.8/gems/rails-2.3.8/lib/rails/rack/static.rb:31:in `call'
    /usr/local/lib/ruby/gems/1.8/gems/rack-1.1.0/lib/rack/urlmap.rb:47:in `call'
    /usr/local/lib/ruby/gems/1.8/gems/rack-1.1.0/lib/rack/urlmap.rb:41:in `each'
    /usr/local/lib/ruby/gems/1.8/gems/rack-1.1.0/lib/rack/urlmap.rb:41:in `call'
    /usr/local/lib/ruby/gems/1.8/gems/rails-2.3.8/lib/rails/rack/log_tailer.rb:17:in `call'
    /usr/local/lib/ruby/gems/1.8/gems/rack-1.1.0/lib/rack/content_length.rb:13:in `call'
    /usr/local/lib/ruby/gems/1.8/gems/rack-1.1.0/lib/rack/chunked.rb:15:in `call'
    /usr/local/lib/ruby/gems/1.8/gems/rack-1.1.0/lib/rack/handler/mongrel.rb:67:in `process'
    /usr/local/lib/ruby/gems/1.8/gems/mongrel-1.1.5/lib/mongrel.rb:159:in `process_client'
    /usr/local/lib/ruby/gems/1.8/gems/mongrel-1.1.5/lib/mongrel.rb:158:in `each'
    /usr/local/lib/ruby/gems/1.8/gems/mongrel-1.1.5/lib/mongrel.rb:158:in `process_client'
    /usr/local/lib/ruby/gems/1.8/gems/mongrel-1.1.5/lib/mongrel.rb:285:in `run'
    /usr/local/lib/ruby/gems/1.8/gems/mongrel-1.1.5/lib/mongrel.rb:285:in `initialize'
    /usr/local/lib/ruby/gems/1.8/gems/mongrel-1.1.5/lib/mongrel.rb:285:in `new'
    /usr/local/lib/ruby/gems/1.8/gems/mongrel-1.1.5/lib/mongrel.rb:285:in `run'
    /usr/local/lib/ruby/gems/1.8/gems/mongrel-1.1.5/lib/mongrel.rb:268:in `initialize'
    /usr/local/lib/ruby/gems/1.8/gems/mongrel-1.1.5/lib/mongrel.rb:268:in `new'
    /usr/local/lib/ruby/gems/1.8/gems/mongrel-1.1.5/lib/mongrel.rb:268:in `run'
    /usr/local/lib/ruby/gems/1.8/gems/rack-1.1.0/lib/rack/handler/mongrel.rb:38:in `run'
    /usr/local/lib/ruby/gems/1.8/gems/rails-2.3.8/lib/commands/server.rb:111
    /usr/local/lib/ruby/site_ruby/1.8/rubygems/custom_require.rb:31:in `gem_original_require'
    /usr/local/lib/ruby/site_ruby/1.8/rubygems/custom_require.rb:31:in `require'
    script/server:3
/!\ FAILSAFE /!\  Thu Jul 22 10:23:53 -0500 2010
  Status: 500 Internal Server Error
  Can't connect to local MySQL server through socket '/var/run/mysqld/mysqld.sock' (2)
    /usr/local/lib/ruby/gems/1.8/gems/activerecord-2.3.8/lib/active_record/connection_adapters/mysql_adapter.rb:619:in `real_connect'
    /usr/local/lib/ruby/gems/1.8/gems/activerecord-2.3.8/lib/active_record/connection_adapters/mysql_adapter.rb:619:in `connect'
    /usr/local/lib/ruby/gems/1.8/gems/activerecord-2.3.8/lib/active_record/connection_adapters/mysql_adapter.rb:203:in `initialize'
    /usr/local/lib/ruby/gems/1.8/gems/activerecord-2.3.8/lib/active_record/connection_adapters/mysql_adapter.rb:75:in `new'
    /usr/local/lib/ruby/gems/1.8/gems/activerecord-2.3.8/lib/active_record/connection_adapters/mysql_adapter.rb:75:in `mysql_connection'
    /usr/local/lib/ruby/gems/1.8/gems/activerecord-2.3.8/lib/active_record/connection_adapters/abstract/connection_pool.rb:223:in `send'
    /usr/local/lib/ruby/gems/1.8/gems/activerecord-2.3.8/lib/active_record/connection_adapters/abstract/connection_pool.rb:223:in `new_connection'
    /usr/local/lib/ruby/gems/1.8/gems/activerecord-2.3.8/lib/active_record/connection_adapters/abstract/connection_pool.rb:245:in `checkout_new_connection'
    /usr/local/lib/ruby/gems/1.8/gems/activerecord-2.3.8/lib/active_record/connection_adapters/abstract/connection_pool.rb:188:in `checkout'
    /usr/local/lib/ruby/gems/1.8/gems/activerecord-2.3.8/lib/active_record/connection_adapters/abstract/connection_pool.rb:184:in `loop'
    /usr/local/lib/ruby/gems/1.8/gems/activerecord-2.3.8/lib/active_record/connection_adapters/abstract/connection_pool.rb:184:in `checkout'
    /usr/local/lib/ruby/1.8/monitor.rb:242:in `synchronize'
    /usr/local/lib/ruby/gems/1.8/gems/activerecord-2.3.8/lib/active_record/connection_adapters/abstract/connection_pool.rb:183:in `checkout'
    /usr/local/lib/ruby/gems/1.8/gems/activerecord-2.3.8/lib/active_record/connection_adapters/abstract/connection_pool.rb:98:in `connection'
    /usr/local/lib/ruby/gems/1.8/gems/activerecord-2.3.8/lib/active_record/connection_adapters/abstract/connection_pool.rb:326:in `retrieve_connection'
    /usr/local/lib/ruby/gems/1.8/gems/activerecord-2.3.8/lib/active_record/connection_adapters/abstract/connection_specification.rb:123:in `retrieve_connection'
    /usr/local/lib/ruby/gems/1.8/gems/activerecord-2.3.8/lib/active_record/connection_adapters/abstract/connection_specification.rb:115:in `connection'
    /usr/local/lib/ruby/gems/1.8/gems/activerecord-2.3.8/lib/active_record/query_cache.rb:9:in `cache'
    /usr/local/lib/ruby/gems/1.8/gems/activerecord-2.3.8/lib/active_record/query_cache.rb:28:in `call'
    /usr/local/lib/ruby/gems/1.8/gems/activerecord-2.3.8/lib/active_record/connection_adapters/abstract/connection_pool.rb:361:in `call'
    /usr/local/lib/ruby/gems/1.8/gems/warden-0.10.7/lib/warden/manager.rb:35:in `call'
    /usr/local/lib/ruby/gems/1.8/gems/warden-0.10.7/lib/warden/manager.rb:34:in `catch'
    /usr/local/lib/ruby/gems/1.8/gems/warden-0.10.7/lib/warden/manager.rb:34:in `call'
    /usr/local/lib/ruby/gems/1.8/gems/actionpack-2.3.8/lib/action_controller/string_coercion.rb:25:in `call'
    /usr/local/lib/ruby/gems/1.8/gems/rack-1.1.0/lib/rack/head.rb:9:in `call'
    /usr/local/lib/ruby/gems/1.8/gems/rack-1.1.0/lib/rack/methodoverride.rb:24:in `call'
    /usr/local/lib/ruby/gems/1.8/gems/actionpack-2.3.8/lib/action_controller/params_parser.rb:15:in `call'
    /usr/local/lib/ruby/gems/1.8/gems/actionpack-2.3.8/lib/action_controller/session/cookie_store.rb:99:in `call'
    /usr/local/lib/ruby/gems/1.8/gems/actionpack-2.3.8/lib/action_controller/failsafe.rb:26:in `call'
    /usr/local/lib/ruby/gems/1.8/gems/rack-1.1.0/lib/rack/lock.rb:11:in `call'
    /usr/local/lib/ruby/gems/1.8/gems/rack-1.1.0/lib/rack/lock.rb:11:in `synchronize'
    /usr/local/lib/ruby/gems/1.8/gems/rack-1.1.0/lib/rack/lock.rb:11:in `call'
    /usr/local/lib/ruby/gems/1.8/gems/actionpack-2.3.8/lib/action_controller/dispatcher.rb:106:in `call'
    /usr/local/lib/ruby/gems/1.8/gems/rails-2.3.8/lib/rails/rack/static.rb:31:in `call'
    /usr/local/lib/ruby/gems/1.8/gems/rack-1.1.0/lib/rack/urlmap.rb:47:in `call'
    /usr/local/lib/ruby/gems/1.8/gems/rack-1.1.0/lib/rack/urlmap.rb:41:in `each'
    /usr/local/lib/ruby/gems/1.8/gems/rack-1.1.0/lib/rack/urlmap.rb:41:in `call'
    /usr/local/lib/ruby/gems/1.8/gems/rails-2.3.8/lib/rails/rack/log_tailer.rb:17:in `call'
    /usr/local/lib/ruby/gems/1.8/gems/rack-1.1.0/lib/rack/content_length.rb:13:in `call'
    /usr/local/lib/ruby/gems/1.8/gems/rack-1.1.0/lib/rack/chunked.rb:15:in `call'
    /usr/local/lib/ruby/gems/1.8/gems/rack-1.1.0/lib/rack/handler/mongrel.rb:67:in `process'
    /usr/local/lib/ruby/gems/1.8/gems/mongrel-1.1.5/lib/mongrel.rb:159:in `process_client'
    /usr/local/lib/ruby/gems/1.8/gems/mongrel-1.1.5/lib/mongrel.rb:158:in `each'
    /usr/local/lib/ruby/gems/1.8/gems/mongrel-1.1.5/lib/mongrel.rb:158:in `process_client'
    /usr/local/lib/ruby/gems/1.8/gems/mongrel-1.1.5/lib/mongrel.rb:285:in `run'
    /usr/local/lib/ruby/gems/1.8/gems/mongrel-1.1.5/lib/mongrel.rb:285:in `initialize'
    /usr/local/lib/ruby/gems/1.8/gems/mongrel-1.1.5/lib/mongrel.rb:285:in `new'
    /usr/local/lib/ruby/gems/1.8/gems/mongrel-1.1.5/lib/mongrel.rb:285:in `run'
    /usr/local/lib/ruby/gems/1.8/gems/mongrel-1.1.5/lib/mongrel.rb:268:in `initialize'
    /usr/local/lib/ruby/gems/1.8/gems/mongrel-1.1.5/lib/mongrel.rb:268:in `new'
    /usr/local/lib/ruby/gems/1.8/gems/mongrel-1.1.5/lib/mongrel.rb:268:in `run'
    /usr/local/lib/ruby/gems/1.8/gems/rack-1.1.0/lib/rack/handler/mongrel.rb:38:in `run'
    /usr/local/lib/ruby/gems/1.8/gems/rails-2.3.8/lib/commands/server.rb:111
    /usr/local/lib/ruby/site_ruby/1.8/rubygems/custom_require.rb:31:in `gem_original_require'
    /usr/local/lib/ruby/site_ruby/1.8/rubygems/custom_require.rb:31:in `require'
    script/server:3


Processing ApplicantsController#show (for 127.0.0.1 at 2010-07-22 10:24:15) [GET]
  Parameters: {"action"=>"show", "id"=>"1", "controller"=>"applicants"}
Rendering template within layouts/application
Rendering applicants/show
Completed in 110ms (View: 40, DB: 58) | 200 OK [http://localhost/applicants/1]


Processing ApplicantsController#index (for 127.0.0.1 at 2010-07-22 10:24:21) [GET]
  Parameters: {"program_id"=>"test", "action"=>"index", "controller"=>"applicants"}
Rendering template within layouts/application
Rendering applicants/index
Completed in 72ms (View: 63, DB: 3) | 200 OK [http://localhost/programs/test/applicants]


Processing ApplicantsController#index (for 127.0.0.1 at 2010-07-22 10:24:32) [GET]
  Parameters: {"program_id"=>"test", "action"=>"index", "controller"=>"applicants"}
Rendering template within layouts/application
Rendering applicants/index
Completed in 28ms (View: 22, DB: 2) | 200 OK [http://localhost/programs/test/applicants]


Processing ApplicantsController#show (for 127.0.0.1 at 2010-07-22 10:24:34) [GET]
  Parameters: {"action"=>"show", "id"=>"2", "controller"=>"applicants"}
Rendering template within layouts/application
Rendering applicants/show
Completed in 20ms (View: 15, DB: 1) | 200 OK [http://localhost/applicants/2]


Processing ApplicantsController#show (for 127.0.0.1 at 2010-07-22 10:24:36) [GET]
  Parameters: {"action"=>"show", "id"=>"2", "controller"=>"applicants"}
Rendering template within layouts/application
Rendering applicants/show
Completed in 20ms (View: 16, DB: 2) | 200 OK [http://localhost/applicants/2]


Processing ApplicantsController#index (for 127.0.0.1 at 2010-07-22 10:25:09) [GET]
  Parameters: {"program_id"=>"test", "action"=>"index", "controller"=>"applicants"}
Rendering template within layouts/application
Rendering applicants/index
Completed in 30ms (View: 23, DB: 3) | 200 OK [http://localhost/programs/test/applicants]


Processing ApplicantsController#index (for 127.0.0.1 at 2010-07-22 10:25:11) [GET]
  Parameters: {"program_id"=>"test", "action"=>"index", "controller"=>"applicants"}
Rendering template within layouts/application
Rendering applicants/index
Completed in 29ms (View: 22, DB: 2) | 200 OK [http://localhost/programs/test/applicants]


Processing ApplicantsController#index (for 127.0.0.1 at 2010-07-22 10:25:24) [GET]
  Parameters: {"program_id"=>"test", "action"=>"index", "controller"=>"applicants"}
Rendering template within layouts/application
Rendering applicants/index
Completed in 96ms (View: 71, DB: 10) | 200 OK [http://localhost/programs/test/applicants]


Processing ApplicantsController#index (for 127.0.0.1 at 2010-07-22 10:27:32) [GET]
  Parameters: {"program_id"=>"test", "action"=>"index", "controller"=>"applicants"}
Rendering template within layouts/application
Rendering applicants/index
Completed in 78ms (View: 54, DB: 9) | 200 OK [http://localhost/programs/test/applicants]


Processing ApplicantsController#index (for 127.0.0.1 at 2010-07-22 10:27:36) [GET]
  Parameters: {"program_id"=>"test", "action"=>"index", "controller"=>"applicants"}
Rendering template within layouts/application
Rendering applicants/index
Completed in 30ms (View: 23, DB: 2) | 200 OK [http://localhost/programs/test/applicants]


Processing ApplicantsController#index (for 127.0.0.1 at 2010-07-22 10:28:00) [GET]
  Parameters: {"program_id"=>"test", "action"=>"index", "controller"=>"applicants"}
Rendering template within layouts/application
Rendering applicants/index

ActionView::TemplateError (undefined method `name' for #<ActiveRecord::Associations::HasOneAssociation:0x1034a96e8>) on line #26 of app/views/applicants/index.html.erb:
23:       <td><%=h applicant.lastname %></td>
24:       <td>
25:       	<% if applicant.submission %>
26:       		<%= link_to applicant.submission.name, applicant.submission.resume.url %>
27:       	<% end %>
28:       </td>
29: 	  <td>

    app/views/applicants/index.html.erb:26
    app/views/applicants/index.html.erb:20
    warden (0.10.7) lib/warden/manager.rb:35:in `call'
    warden (0.10.7) lib/warden/manager.rb:34:in `catch'
    warden (0.10.7) lib/warden/manager.rb:34:in `call'

Rendering rescues/layout (internal_server_error)


Processing ApplicantsController#index (for 127.0.0.1 at 2010-07-22 10:28:22) [GET]
  Parameters: {"program_id"=>"test", "action"=>"index", "controller"=>"applicants"}
Rendering template within layouts/application
Rendering applicants/index

ActionView::TemplateError (undefined method `file' for #<ActiveRecord::Associations::HasOneAssociation:0x1034a96e8>) on line #26 of app/views/applicants/index.html.erb:
23:       <td><%=h applicant.lastname %></td>
24:       <td>
25:       	<% if applicant.submission %>
26:       		<%= link_to applicant.submission.file, applicant.submission.resume.url %>
27:       	<% end %>
28:       </td>
29: 	  <td>

    app/views/applicants/index.html.erb:26
    app/views/applicants/index.html.erb:20
    warden (0.10.7) lib/warden/manager.rb:35:in `call'
    warden (0.10.7) lib/warden/manager.rb:34:in `catch'
    warden (0.10.7) lib/warden/manager.rb:34:in `call'

Rendering rescues/layout (internal_server_error)


Processing ApplicantsController#index (for 127.0.0.1 at 2010-07-22 10:29:06) [GET]
  Parameters: {"program_id"=>"test", "action"=>"index", "controller"=>"applicants"}
Rendering template within layouts/application
Rendering applicants/index

ActionView::TemplateError (undefined method `file_name' for #<ActiveRecord::Associations::HasOneAssociation:0x1034a96e8>) on line #26 of app/views/applicants/index.html.erb:
23:       <td><%=h applicant.lastname %></td>
24:       <td>
25:       	<% if applicant.submission %>
26:       		<%= link_to applicant.submission.file_name, applicant.submission.resume.url %>
27:       	<% end %>
28:       </td>
29: 	  <td>

    app/views/applicants/index.html.erb:26
    app/views/applicants/index.html.erb:20
    warden (0.10.7) lib/warden/manager.rb:35:in `call'
    warden (0.10.7) lib/warden/manager.rb:34:in `catch'
    warden (0.10.7) lib/warden/manager.rb:34:in `call'

Rendering rescues/layout (internal_server_error)


Processing ApplicantsController#index (for 127.0.0.1 at 2010-07-22 10:29:32) [GET]
  Parameters: {"program_id"=>"test", "action"=>"index", "controller"=>"applicants"}
Rendering template within layouts/application
Rendering applicants/index
Completed in 82ms (View: 56, DB: 10) | 200 OK [http://localhost/programs/test/applicants]


Processing ApplicantsController#index (for 127.0.0.1 at 2010-07-22 10:30:08) [GET]
  Parameters: {"program_id"=>"test", "action"=>"index", "controller"=>"applicants"}
Rendering template within layouts/application
Rendering applicants/index
Completed in 79ms (View: 54, DB: 10) | 200 OK [http://localhost/programs/test/applicants]


Processing ApplicantsController#index (for 127.0.0.1 at 2010-07-22 10:30:13) [GET]
  Parameters: {"program_id"=>"test", "action"=>"index", "controller"=>"applicants"}
Rendering template within layouts/application
Rendering applicants/index
Completed in 30ms (View: 23, DB: 2) | 200 OK [http://localhost/programs/test/applicants]


Processing ApplicantsController#destroy (for 127.0.0.1 at 2010-07-22 10:30:24) [DELETE]
  Parameters: {"action"=>"destroy", "_method"=>"delete", "authenticity_token"=>"iqxT871aXal0HsBwxemtbLgjkNbex4uU490bIZxHxuE=", "id"=>"1", "controller"=>"applicants"}
Redirected to http://localhost:3000/programs/test/applicants
Completed in 40ms (DB: 32) | 302 Found [http://localhost/applicants/1]


Processing ApplicantsController#index (for 127.0.0.1 at 2010-07-22 10:30:24) [GET]
  Parameters: {"program_id"=>"test", "action"=>"index", "controller"=>"applicants"}
Rendering template within layouts/application
Rendering applicants/index
Completed in 22ms (View: 16, DB: 2) | 200 OK [http://localhost/programs/test/applicants]


Processing ApplicantsController#show (for 127.0.0.1 at 2010-07-22 10:30:59) [GET]
  Parameters: {"action"=>"show", "id"=>"2", "controller"=>"applicants"}
Rendering template within layouts/application
Rendering applicants/show

ActionView::TemplateError (undefined method `resume_file_name' for #<Paperclip::Attachment:0x1034c4510>) on line #50 of app/views/applicants/show.html.erb:
47: <p>
48: 	<strong>Resume</strong><br />
49: 	<% if @applicant.submission %>
50: 		<%= link_to @applicant.submission.resume.resume_file_name, @applicant.submission.resume.url %>
51: 	<% end %>
52: </p>
53: <p>

    app/views/applicants/show.html.erb:50
    warden (0.10.7) lib/warden/manager.rb:35:in `call'
    warden (0.10.7) lib/warden/manager.rb:34:in `catch'
    warden (0.10.7) lib/warden/manager.rb:34:in `call'

Rendering rescues/layout (internal_server_error)


Processing ApplicantsController#show (for 127.0.0.1 at 2010-07-22 10:31:09) [GET]
  Parameters: {"action"=>"show", "id"=>"2", "controller"=>"applicants"}
Rendering template within layouts/application
Rendering applicants/show

ActionView::TemplateError (undefined method `resume_file_name' for #<Paperclip::Attachment:0x103556528>) on line #50 of app/views/applicants/show.html.erb:
47: <p>
48: 	<strong>Resume</strong><br />
49: 	<% if @applicant.submission %>
50: 		<%= link_to @applicant.submission.resume.resume_file_name, @applicant.submission.resume.url %>
51: 	<% end %>
52: </p>
53: <p>

    app/views/applicants/show.html.erb:50
    warden (0.10.7) lib/warden/manager.rb:35:in `call'
    warden (0.10.7) lib/warden/manager.rb:34:in `catch'
    warden (0.10.7) lib/warden/manager.rb:34:in `call'

Rendering rescues/layout (internal_server_error)


Processing ApplicantsController#show (for 127.0.0.1 at 2010-07-22 10:31:50) [GET]
  Parameters: {"action"=>"show", "id"=>"2", "controller"=>"applicants"}
Rendering template within layouts/application
Rendering applicants/show
Completed in 70ms (View: 49, DB: 10) | 200 OK [http://localhost/applicants/2]


Processing ApplicantsController#show (for 127.0.0.1 at 2010-07-22 10:31:59) [GET]
  Parameters: {"action"=>"show", "id"=>"2", "controller"=>"applicants"}
Rendering template within layouts/application
Rendering applicants/show
Completed in 22ms (View: 18, DB: 2) | 200 OK [http://localhost/applicants/2]


Processing ApplicantsController#show (for 127.0.0.1 at 2010-07-22 10:32:23) [GET]
  Parameters: {"action"=>"show", "id"=>"2", "controller"=>"applicants"}
Rendering template within layouts/application
Rendering applicants/show

ActionView::TemplateError (undefined method `resume_file_name' for #<Paperclip::Attachment:0x1034c4650>) on line #50 of app/views/applicants/show.html.erb:
47: <p>
48: 	<strong>Resume</strong><br />
49: 	<% if @applicant.submission %>
50: 		<%= link_to @applicant.submission.resume.resume_file_name, @applicant.submission.resume.url %>
51: 	<% end %>
52: </p>
53: <p>

    app/views/applicants/show.html.erb:50
    warden (0.10.7) lib/warden/manager.rb:35:in `call'
    warden (0.10.7) lib/warden/manager.rb:34:in `catch'
    warden (0.10.7) lib/warden/manager.rb:34:in `call'

Rendering rescues/layout (internal_server_error)


Processing ApplicantsController#show (for 127.0.0.1 at 2010-07-22 10:32:38) [GET]
  Parameters: {"action"=>"show", "id"=>"2", "controller"=>"applicants"}
Rendering template within layouts/application
Rendering applicants/show
Completed in 70ms (View: 49, DB: 9) | 200 OK [http://localhost/applicants/2]


Processing ApplicantsController#show (for 127.0.0.1 at 2010-07-22 10:33:09) [GET]
  Parameters: {"action"=>"show", "id"=>"2", "controller"=>"applicants"}
Rendering template within layouts/application
Rendering applicants/show
Completed in 20ms (View: 16, DB: 2) | 200 OK [http://localhost/applicants/2]


Processing ApplicantsController#show (for 127.0.0.1 at 2010-07-22 10:33:10) [GET]
  Parameters: {"action"=>"show", "id"=>"2", "controller"=>"applicants"}
Rendering template within layouts/application
Rendering applicants/show
Completed in 21ms (View: 16, DB: 2) | 200 OK [http://localhost/applicants/2]


Processing ApplicantsController#show (for 127.0.0.1 at 2010-07-22 10:33:18) [GET]
  Parameters: {"action"=>"show", "id"=>"2", "controller"=>"applicants"}
Rendering template within layouts/application
Rendering applicants/show
Completed in 73ms (View: 51, DB: 11) | 200 OK [http://localhost/applicants/2]


Processing ApplicantsController#show (for 127.0.0.1 at 2010-07-22 10:33:22) [GET]
  Parameters: {"action"=>"show", "id"=>"2", "controller"=>"applicants"}
Rendering template within layouts/application
Rendering applicants/show
Completed in 22ms (View: 16, DB: 2) | 200 OK [http://localhost/applicants/2]


Processing ApplicantsController#show (for 127.0.0.1 at 2010-07-22 10:33:46) [GET]
  Parameters: {"action"=>"show", "id"=>"2", "controller"=>"applicants"}
Rendering template within layouts/application
Rendering applicants/show
Completed in 70ms (View: 49, DB: 9) | 200 OK [http://localhost/applicants/2]


Processing ProgramsController#show (for 127.0.0.1 at 2010-07-22 10:34:12) [GET]
  Parameters: {"action"=>"show", "id"=>"test", "controller"=>"programs"}
Rendering template within layouts/application
Rendering programs/show
Completed in 35ms (View: 24, DB: 2) | 200 OK [http://localhost/programs/test]


Processing ApplicantsController#index (for 127.0.0.1 at 2010-07-22 10:34:14) [GET]
  Parameters: {"program_id"=>"test", "action"=>"index", "controller"=>"applicants"}
Rendering template within layouts/application
Rendering applicants/index
Completed in 27ms (View: 20, DB: 2) | 200 OK [http://localhost/programs/test/applicants]


Processing ProgramsController#show (for 127.0.0.1 at 2010-07-22 10:34:18) [GET]
  Parameters: {"action"=>"show", "id"=>"test", "controller"=>"programs"}
Rendering template within layouts/application
Rendering programs/show
Completed in 25ms (View: 20, DB: 2) | 200 OK [http://localhost/programs/test]


Processing ApplicantsController#new (for 127.0.0.1 at 2010-07-22 10:34:24) [GET]
  Parameters: {"program_id"=>"test", "action"=>"new", "controller"=>"applicants"}
Rendering template within layouts/application
Rendering applicants/new
Completed in 41ms (View: 36, DB: 1) | 200 OK [http://localhost/programs/test/applicants/new]


Processing ApplicantsController#create (for 127.0.0.1 at 2010-07-22 10:34:38) [POST]
  Parameters: {"program_id"=>"test", "commit"=>"Continue", "action"=>"create", "authenticity_token"=>"iqxT871aXal0HsBwxemtbLgjkNbex4uU490bIZxHxuE=", "applicant"=>{"city"=>"wertwe", "address"=>"wertew", "zip"=>"99999", "lastname"=>"wertwer", "website"=>"", "phone"=>"wertwert", "firstname"=>"werte", "email"=>"wertwert@sf.com"}, "controller"=>"applicants"}
Redirected to http://localhost:3000/applicants/3/submissions/new
Completed in 10ms (DB: 2) | 302 Found [http://localhost/programs/test/applicants]


Processing SubmissionsController#new (for 127.0.0.1 at 2010-07-22 10:34:38) [GET]
  Parameters: {"applicant_id"=>"3", "action"=>"new", "controller"=>"submissions"}
Rendering template within layouts/application
Rendering submissions/new
Completed in 83ms (View: 63, DB: 6) | 200 OK [http://localhost/applicants/3/submissions/new]


Processing SubmissionsController#create (for 127.0.0.1 at 2010-07-22 10:37:07) [POST]
  Parameters: {"commit"=>"Submit", "applicant_id"=>"3", "submission"=>{"resume"=>#<File:/var/folders/V-/V-wPVhW9HQm6vpGmYyi0eE+++TI/-Tmp-/RackMultipart20100722-67679-1i99m8q-0>, "statement"=>"asdgsdfgsfdg", "works_attributes"=>{"0"=>{"title"=>"test", "url"=>"", "type_id"=>"4", "document"=>#<File:/var/folders/V-/V-wPVhW9HQm6vpGmYyi0eE+++TI/-Tmp-/RackMultipart20100722-67679-1zvg1t-0>}, "1"=>{"title"=>"", "url"=>"", "type_id"=>"1"}, "2"=>{"title"=>"", "url"=>"", "type_id"=>"1"}, "3"=>{"title"=>"", "url"=>"", "type_id"=>"1"}}}, "action"=>"create", "authenticity_token"=>"iqxT871aXal0HsBwxemtbLgjkNbex4uU490bIZxHxuE=", "controller"=>"submissions"}
[paperclip] identify '-format' '%wx%h' '/var/folders/V-/V-wPVhW9HQm6vpGmYyi0eE+++TI/-Tmp-/stream,67679,0.pdf[0]' 2>/dev/null
[paperclip] convert '/var/folders/V-/V-wPVhW9HQm6vpGmYyi0eE+++TI/-Tmp-/stream,67679,0.pdf[0]' '-resize' '150x150>' '/var/folders/V-/V-wPVhW9HQm6vpGmYyi0eE+++TI/-Tmp-/stream,67679,0,67679,0' 2>/dev/null
[paperclip] Saving attachments.
[paperclip] saving /Users/khaeck/Sites/Rails/mnprograms/public/assets/submissions/1/VACATION REQUEST FORM.pdf
[paperclip] Saving attachments.
[paperclip] Saving attachments.
[paperclip] saving /Users/khaeck/Sites/Rails/mnprograms/public/assets/submissions/2/VACATION REQUEST FORM.pdf
[paperclip] saving /Users/khaeck/Sites/Rails/mnprograms/public/assets/submissions/2/VACATION REQUEST FORM.pdf
Redirected to http://localhost:3000/programs/test/thankyou
Completed in 1534ms (DB: 3) | 302 Found [http://localhost/applicants/3/submissions]


Processing ProgramsController#thankyou (for 127.0.0.1 at 2010-07-22 10:37:08) [GET]
  Parameters: {"action"=>"thankyou", "id"=>"test", "controller"=>"programs"}
Rendering template within layouts/application
Rendering programs/thankyou
Completed in 26ms (View: 20, DB: 1) | 200 OK [http://localhost/programs/test/thankyou]


Processing ApplicantsController#index (for 127.0.0.1 at 2010-07-22 10:37:11) [GET]
  Parameters: {"program_id"=>"test", "action"=>"index", "controller"=>"applicants"}
Rendering template within layouts/application
Rendering applicants/index
Completed in 33ms (View: 26, DB: 2) | 200 OK [http://localhost/programs/test/applicants]


Processing ApplicantsController#new (for 127.0.0.1 at 2010-07-22 10:41:36) [GET]
  Parameters: {"program_id"=>"test", "action"=>"new", "controller"=>"applicants"}
Rendering template within layouts/application
Rendering applicants/new
Completed in 150ms (View: 127, DB: 6) | 200 OK [http://localhost/programs/test/applicants/new]


Processing ApplicantsController#create (for 127.0.0.1 at 2010-07-22 10:41:53) [POST]
  Parameters: {"program_id"=>"test", "commit"=>"Continue", "action"=>"create", "authenticity_token"=>"gaNZNeD29isx+/M4ipmLCG11ajjzSmcW/VD3ngheHtU=", "applicant"=>{"city"=>"asdfasd", "address"=>"asdfasd", "zip"=>"44444", "lastname"=>"asdfasdf", "website"=>"", "phone"=>"asdfasdf", "firstname"=>"asdfasdf", "email"=>"adsafas@sdfd.com"}, "controller"=>"applicants"}
Redirected to http://localhost:3000/applicants/4/submissions/new
Completed in 14ms (DB: 2) | 302 Found [http://localhost/programs/test/applicants]


Processing SubmissionsController#new (for 127.0.0.1 at 2010-07-22 10:41:53) [GET]
  Parameters: {"applicant_id"=>"4", "action"=>"new", "controller"=>"submissions"}
Rendering template within layouts/application
Rendering submissions/new
Completed in 81ms (View: 57, DB: 5) | 200 OK [http://localhost/applicants/4/submissions/new]


Processing SubmissionsController#create (for 127.0.0.1 at 2010-07-22 10:42:15) [POST]
  Parameters: {"commit"=>"Submit", "applicant_id"=>"4", "submission"=>{"resume"=>#<File:/var/folders/V-/V-wPVhW9HQm6vpGmYyi0eE+++TI/-Tmp-/RackMultipart20100722-67922-dl5f6t-0>, "statement"=>"asdfasdf", "works_attributes"=>{"0"=>{"title"=>"asdfasdf", "url"=>"", "type_id"=>"1", "image"=>#<File:/var/folders/V-/V-wPVhW9HQm6vpGmYyi0eE+++TI/-Tmp-/RackMultipart20100722-67922-1c9baqn-0>}, "1"=>{"title"=>"", "url"=>"", "type_id"=>"1"}, "2"=>{"title"=>"", "url"=>"", "type_id"=>"1"}, "3"=>{"title"=>"", "url"=>"", "type_id"=>"1"}}}, "action"=>"create", "authenticity_token"=>"gaNZNeD29isx+/M4ipmLCG11ajjzSmcW/VD3ngheHtU=", "controller"=>"submissions"}
[paperclip] /usr/local/bin/identify '-format' '%wx%h' '/var/folders/V-/V-wPVhW9HQm6vpGmYyi0eE+++TI/-Tmp-/stream,67922,0.pdf[0]' 2>/dev/null
[paperclip] /usr/local/bin/convert '/var/folders/V-/V-wPVhW9HQm6vpGmYyi0eE+++TI/-Tmp-/stream,67922,0.pdf[0]' '-resize' '150x150>' '/var/folders/V-/V-wPVhW9HQm6vpGmYyi0eE+++TI/-Tmp-/stream,67922,0,67922,0' 2>/dev/null
[paperclip] /usr/local/bin/identify '-format' '%wx%h' '/var/folders/V-/V-wPVhW9HQm6vpGmYyi0eE+++TI/-Tmp-/stream,67922,0.gif[0]' 2>/dev/null
[paperclip] /usr/local/bin/convert '/var/folders/V-/V-wPVhW9HQm6vpGmYyi0eE+++TI/-Tmp-/stream,67922,0.gif[0]' '-resize' '100x100>' '/var/folders/V-/V-wPVhW9HQm6vpGmYyi0eE+++TI/-Tmp-/stream,67922,0,67922,1' 2>/dev/null
[paperclip] /usr/local/bin/identify '-format' '%wx%h' '/var/folders/V-/V-wPVhW9HQm6vpGmYyi0eE+++TI/-Tmp-/stream,67922,0.gif[0]' 2>/dev/null
[paperclip] /usr/local/bin/convert '/var/folders/V-/V-wPVhW9HQm6vpGmYyi0eE+++TI/-Tmp-/stream,67922,0.gif[0]' '-resize' '200x200>' '/var/folders/V-/V-wPVhW9HQm6vpGmYyi0eE+++TI/-Tmp-/stream,67922,0,67922,2' 2>/dev/null
[paperclip] /usr/local/bin/identify '-format' '%wx%h' '/var/folders/V-/V-wPVhW9HQm6vpGmYyi0eE+++TI/-Tmp-/stream,67922,0.gif[0]' 2>/dev/null
[paperclip] /usr/local/bin/convert '/var/folders/V-/V-wPVhW9HQm6vpGmYyi0eE+++TI/-Tmp-/stream,67922,0.gif[0]' '-resize' '800x800>' '/var/folders/V-/V-wPVhW9HQm6vpGmYyi0eE+++TI/-Tmp-/stream,67922,0,67922,3' 2>/dev/null
[paperclip] /usr/local/bin/identify '-format' '%wx%h' '/var/folders/V-/V-wPVhW9HQm6vpGmYyi0eE+++TI/-Tmp-/stream,67922,0.gif[0]' 2>/dev/null
[paperclip] /usr/local/bin/convert '/var/folders/V-/V-wPVhW9HQm6vpGmYyi0eE+++TI/-Tmp-/stream,67922,0.gif[0]' '-resize' '55x55>' '/var/folders/V-/V-wPVhW9HQm6vpGmYyi0eE+++TI/-Tmp-/stream,67922,0,67922,4' 2>/dev/null
Rendering template within layouts/application
Rendering submissions/new
Completed in 1123ms (View: 34, DB: 2) | 200 OK [http://localhost/applicants/4/submissions]


Processing ApplicantsController#destroy (for 127.0.0.1 at 2010-07-22 10:58:11) [DELETE]
  Parameters: {"action"=>"destroy", "_method"=>"delete", "authenticity_token"=>"iqxT871aXal0HsBwxemtbLgjkNbex4uU490bIZxHxuE=", "id"=>"3", "controller"=>"applicants"}
[paperclip] Deleting attachments.
[paperclip] deleting /Users/khaeck/Sites/Rails/mnprograms/public/assets/submissions/1/VACATION REQUEST FORM.pdf
[paperclip] Deleting attachments.
[paperclip] Deleting attachments.
[paperclip] deleting /Users/khaeck/Sites/Rails/mnprograms/public/assets/submissions/2/VACATION REQUEST FORM.pdf
[paperclip] deleting /Users/khaeck/Sites/Rails/mnprograms/public/assets/submissions/2/VACATION REQUEST FORM.pdf
Redirected to http://localhost:3000/programs/test/applicants
Completed in 149ms (DB: 74) | 302 Found [http://localhost/applicants/3]


Processing ApplicantsController#index (for 127.0.0.1 at 2010-07-22 10:58:11) [GET]
  Parameters: {"program_id"=>"test", "action"=>"index", "controller"=>"applicants"}
Rendering template within layouts/application
Rendering applicants/index
Completed in 147ms (View: 141, DB: 2) | 200 OK [http://localhost/programs/test/applicants]


Processing ApplicationController#index (for 127.0.0.1 at 2010-07-22 10:58:15) [GET]
  Parameters: {"1279811710"=>nil}

ActionController::RoutingError (No route matches "/assets/submissions/1/VACATION%20REQUEST%20FORM.pdf" with {:method=>:get}):
  warden (0.10.7) lib/warden/manager.rb:35:in `call'
  warden (0.10.7) lib/warden/manager.rb:34:in `catch'
  warden (0.10.7) lib/warden/manager.rb:34:in `call'

Rendering rescues/layout (not_found)


Processing ApplicantsController#index (for 127.0.0.1 at 2010-07-22 10:58:23) [GET]
  Parameters: {"program_id"=>"test", "action"=>"index", "controller"=>"applicants"}
Rendering template within layouts/application
Rendering applicants/index
Completed in 29ms (View: 23, DB: 2) | 200 OK [http://localhost/programs/test/applicants]


Processing ApplicationController#index (for 127.0.0.1 at 2010-07-22 10:58:32) [GET]
  Parameters: {"1279811710"=>nil}

ActionController::RoutingError (No route matches "/assets/submissions/1/VACATION%20REQUEST%20FORM.pdf" with {:method=>:get}):
  warden (0.10.7) lib/warden/manager.rb:35:in `call'
  warden (0.10.7) lib/warden/manager.rb:34:in `catch'
  warden (0.10.7) lib/warden/manager.rb:34:in `call'

Rendering rescues/layout (not_found)


Processing ApplicantsController#index (for 127.0.0.1 at 2010-07-22 10:58:33) [GET]
  Parameters: {"program_id"=>"test", "action"=>"index", "controller"=>"applicants"}
Rendering template within layouts/application
Rendering applicants/index
Completed in 29ms (View: 22, DB: 2) | 200 OK [http://localhost/programs/test/applicants]
/!\ FAILSAFE /!\  Thu Jul 22 10:59:40 -0500 2010
  Status: 500 Internal Server Error
  Can't connect to local MySQL server through socket '/var/run/mysqld/mysqld.sock' (2)
    /usr/local/lib/ruby/gems/1.8/gems/activerecord-2.3.8/lib/active_record/connection_adapters/mysql_adapter.rb:619:in `real_connect'
    /usr/local/lib/ruby/gems/1.8/gems/activerecord-2.3.8/lib/active_record/connection_adapters/mysql_adapter.rb:619:in `connect'
    /usr/local/lib/ruby/gems/1.8/gems/activerecord-2.3.8/lib/active_record/connection_adapters/mysql_adapter.rb:203:in `initialize'
    /usr/local/lib/ruby/gems/1.8/gems/activerecord-2.3.8/lib/active_record/connection_adapters/mysql_adapter.rb:75:in `new'
    /usr/local/lib/ruby/gems/1.8/gems/activerecord-2.3.8/lib/active_record/connection_adapters/mysql_adapter.rb:75:in `mysql_connection'
    /usr/local/lib/ruby/gems/1.8/gems/activerecord-2.3.8/lib/active_record/connection_adapters/abstract/connection_pool.rb:223:in `send'
    /usr/local/lib/ruby/gems/1.8/gems/activerecord-2.3.8/lib/active_record/connection_adapters/abstract/connection_pool.rb:223:in `new_connection'
    /usr/local/lib/ruby/gems/1.8/gems/activerecord-2.3.8/lib/active_record/connection_adapters/abstract/connection_pool.rb:245:in `checkout_new_connection'
    /usr/local/lib/ruby/gems/1.8/gems/activerecord-2.3.8/lib/active_record/connection_adapters/abstract/connection_pool.rb:188:in `checkout'
    /usr/local/lib/ruby/gems/1.8/gems/activerecord-2.3.8/lib/active_record/connection_adapters/abstract/connection_pool.rb:184:in `loop'
    /usr/local/lib/ruby/gems/1.8/gems/activerecord-2.3.8/lib/active_record/connection_adapters/abstract/connection_pool.rb:184:in `checkout'
    /usr/local/lib/ruby/1.8/monitor.rb:242:in `synchronize'
    /usr/local/lib/ruby/gems/1.8/gems/activerecord-2.3.8/lib/active_record/connection_adapters/abstract/connection_pool.rb:183:in `checkout'
    /usr/local/lib/ruby/gems/1.8/gems/activerecord-2.3.8/lib/active_record/connection_adapters/abstract/connection_pool.rb:98:in `connection'
    /usr/local/lib/ruby/gems/1.8/gems/activerecord-2.3.8/lib/active_record/connection_adapters/abstract/connection_pool.rb:326:in `retrieve_connection'
    /usr/local/lib/ruby/gems/1.8/gems/activerecord-2.3.8/lib/active_record/connection_adapters/abstract/connection_specification.rb:123:in `retrieve_connection'
    /usr/local/lib/ruby/gems/1.8/gems/activerecord-2.3.8/lib/active_record/connection_adapters/abstract/connection_specification.rb:115:in `connection'
    /usr/local/lib/ruby/gems/1.8/gems/activerecord-2.3.8/lib/active_record/query_cache.rb:9:in `cache'
    /usr/local/lib/ruby/gems/1.8/gems/activerecord-2.3.8/lib/active_record/query_cache.rb:28:in `call'
    /usr/local/lib/ruby/gems/1.8/gems/activerecord-2.3.8/lib/active_record/connection_adapters/abstract/connection_pool.rb:361:in `call'
    /usr/local/lib/ruby/gems/1.8/gems/warden-0.10.7/lib/warden/manager.rb:35:in `call'
    /usr/local/lib/ruby/gems/1.8/gems/warden-0.10.7/lib/warden/manager.rb:34:in `catch'
    /usr/local/lib/ruby/gems/1.8/gems/warden-0.10.7/lib/warden/manager.rb:34:in `call'
    /usr/local/lib/ruby/gems/1.8/gems/actionpack-2.3.8/lib/action_controller/string_coercion.rb:25:in `call'
    /usr/local/lib/ruby/gems/1.8/gems/rack-1.1.0/lib/rack/head.rb:9:in `call'
    /usr/local/lib/ruby/gems/1.8/gems/rack-1.1.0/lib/rack/methodoverride.rb:24:in `call'
    /usr/local/lib/ruby/gems/1.8/gems/actionpack-2.3.8/lib/action_controller/params_parser.rb:15:in `call'
    /usr/local/lib/ruby/gems/1.8/gems/actionpack-2.3.8/lib/action_controller/session/cookie_store.rb:99:in `call'
    /usr/local/lib/ruby/gems/1.8/gems/actionpack-2.3.8/lib/action_controller/failsafe.rb:26:in `call'
    /usr/local/lib/ruby/gems/1.8/gems/rack-1.1.0/lib/rack/lock.rb:11:in `call'
    /usr/local/lib/ruby/gems/1.8/gems/rack-1.1.0/lib/rack/lock.rb:11:in `synchronize'
    /usr/local/lib/ruby/gems/1.8/gems/rack-1.1.0/lib/rack/lock.rb:11:in `call'
    /usr/local/lib/ruby/gems/1.8/gems/actionpack-2.3.8/lib/action_controller/dispatcher.rb:106:in `call'
    /usr/local/lib/ruby/gems/1.8/gems/rails-2.3.8/lib/rails/rack/static.rb:31:in `call'
    /usr/local/lib/ruby/gems/1.8/gems/rack-1.1.0/lib/rack/urlmap.rb:47:in `call'
    /usr/local/lib/ruby/gems/1.8/gems/rack-1.1.0/lib/rack/urlmap.rb:41:in `each'
    /usr/local/lib/ruby/gems/1.8/gems/rack-1.1.0/lib/rack/urlmap.rb:41:in `call'
    /usr/local/lib/ruby/gems/1.8/gems/rails-2.3.8/lib/rails/rack/log_tailer.rb:17:in `call'
    /usr/local/lib/ruby/gems/1.8/gems/rack-1.1.0/lib/rack/content_length.rb:13:in `call'
    /usr/local/lib/ruby/gems/1.8/gems/rack-1.1.0/lib/rack/chunked.rb:15:in `call'
    /usr/local/lib/ruby/gems/1.8/gems/rack-1.1.0/lib/rack/handler/mongrel.rb:67:in `process'
    /usr/local/lib/ruby/gems/1.8/gems/mongrel-1.1.5/lib/mongrel.rb:159:in `process_client'
    /usr/local/lib/ruby/gems/1.8/gems/mongrel-1.1.5/lib/mongrel.rb:158:in `each'
    /usr/local/lib/ruby/gems/1.8/gems/mongrel-1.1.5/lib/mongrel.rb:158:in `process_client'
    /usr/local/lib/ruby/gems/1.8/gems/mongrel-1.1.5/lib/mongrel.rb:285:in `run'
    /usr/local/lib/ruby/gems/1.8/gems/mongrel-1.1.5/lib/mongrel.rb:285:in `initialize'
    /usr/local/lib/ruby/gems/1.8/gems/mongrel-1.1.5/lib/mongrel.rb:285:in `new'
    /usr/local/lib/ruby/gems/1.8/gems/mongrel-1.1.5/lib/mongrel.rb:285:in `run'
    /usr/local/lib/ruby/gems/1.8/gems/mongrel-1.1.5/lib/mongrel.rb:268:in `initialize'
    /usr/local/lib/ruby/gems/1.8/gems/mongrel-1.1.5/lib/mongrel.rb:268:in `new'
    /usr/local/lib/ruby/gems/1.8/gems/mongrel-1.1.5/lib/mongrel.rb:268:in `run'
    /usr/local/lib/ruby/gems/1.8/gems/rack-1.1.0/lib/rack/handler/mongrel.rb:38:in `run'
    /usr/local/lib/ruby/gems/1.8/gems/rails-2.3.8/lib/commands/server.rb:111
    /usr/local/lib/ruby/site_ruby/1.8/rubygems/custom_require.rb:31:in `gem_original_require'
    /usr/local/lib/ruby/site_ruby/1.8/rubygems/custom_require.rb:31:in `require'
    script/server:3
